#
# A fatal error has been detected by the Java Runtime Environment:
#
#  Internal Error (0xc000000d), pid=22436, tid=0x0000000000003320
#
# JRE version: Java(TM) SE Runtime Environment (8.0_161-b12) (build 1.8.0_161-b12)
# Java VM: Java HotSpot(TM) 64-Bit Server VM (25.161-b12 mixed mode windows-amd64 compressed oops)
# Problematic frame:
# C  [ntdll.dll+0x10b290]
#
# Failed to write core dump. Minidumps are not enabled by default on client versions of Windows
#
# If you would like to submit a bug report, please visit:
#   http://bugreport.java.com/bugreport/crash.jsp
#

---------------  T H R E A D  ---------------

Current thread (0x0000000019e69000):  VMThread [stack: 0x000000001bb50000,0x000000001bc50000] [id=13088]

siginfo: ExceptionCode=0xc000000d

Registers:
RAX=0x00007ffbc62a16d0, RBX=0x0000000000000001, RCX=0x0000bce63a66e77e, RDX=0x00007ffbc62a16d0
RSP=0x000000001bc4ed20, RBP=0x000000001f6be8e0, RSI=0x000000001f6beb18, RDI=0x000000001f69fb70
R8 =0x000000006e924e7e, R9 =0x000000001bc4ec10, R10=0x000000006e8f20da, R11=0x0000000000000000
R12=0x00007ffbb1ce6680, R13=0x0000000000000001, R14=0x000000001f698570, R15=0x000000001f698570
RIP=0x00007ffbc636b290, EFLAGS=0x0000000000000206

Top of Stack: (sp=0x000000001bc4ed20)
0x000000001bc4ed20:   0000000000000057 0000000000000001
0x000000001bc4ed30:   000000001f6beb18 000000001f69fb70
0x000000001bc4ed40:   00000000c000000d 0000000000000000
0x000000001bc4ed50:   00007ffbc636b290 0000000000000000
0x000000001bc4ed60:   0000000000000000 0000000000000000
0x000000001bc4ed70:   0000000000000000 0000000000000000
0x000000001bc4ed80:   0000000000000000 0000000000000000
0x000000001bc4ed90:   0000000000000000 0000000000000000
0x000000001bc4eda0:   0000000000000000 0000000000000000
0x000000001bc4edb0:   0000000000000000 0000000000000000
0x000000001bc4edc0:   0000000000000000 0000000000000000
0x000000001bc4edd0:   0000000000000000 00007ffb00000000
0x000000001bc4ede0:   0000bce63a66ed3e 000000001f69fb70
0x000000001bc4edf0:   000000001f6beb18 00007ffbb1ce4907
0x000000001bc4ee00:   000000001f69fb70 000000001f698570
0x000000001bc4ee10:   0000000000000000 00007ffbc32ce074 

Instructions: (pc=0x00007ffbc636b290)
0x00007ffbc636b270:   bc f9 ff c7 44 24 20 0d 00 00 c0 b9 57 00 00 00
0x00007ffbc636b280:   e8 0b 64 f3 ff 90 48 8d 4c 24 20 e8 50 01 f1 ff
0x00007ffbc636b290:   eb 00 48 8b 8c 24 c0 00 00 00 48 33 cc e8 2e 5c
0x00007ffbc636b2a0:   f8 ff 48 81 c4 d8 00 00 00 c3 40 55 48 83 ec 20 


Register to memory mapping:

RAX=0x00007ffbc62a16d0 is an unknown value
RBX=0x0000000000000001 is an unknown value
RCX=0x0000bce63a66e77e is an unknown value
RDX=0x00007ffbc62a16d0 is an unknown value
RSP=0x000000001bc4ed20 is an unknown value
RBP=0x000000001f6be8e0 is an unknown value
RSI=0x000000001f6beb18 is an unknown value
RDI=0x000000001f69fb70 is an unknown value
R8 =0x000000006e924e7e is an unknown value
R9 =0x000000001bc4ec10 is an unknown value
R10=0x000000006e8f20da is an unknown value
R11=0x0000000000000000 is an unknown value
R12=0x00007ffbb1ce6680 is an unknown value
R13=0x0000000000000001 is an unknown value
R14=0x000000001f698570 is an unknown value
R15=0x000000001f698570 is an unknown value


Stack: [0x000000001bb50000,0x000000001bc50000],  sp=0x000000001bc4ed20,  free space=1019k
Native frames: (J=compiled Java code, j=interpreted, Vv=VM code, C=native code)
C  [ntdll.dll+0x10b290]
C  [RTWorkQ.DLL+0x4907]
C  [RTWorkQ.DLL+0x9e49]
C  [RTWorkQ.DLL+0x7565]
C  [MFPlat.DLL+0x1d65b]
C  [MFReadWrite.dll+0x16348]
C  [MFReadWrite.dll+0xfb0d]
C  [MFReadWrite.dll+0xf863]
C  [mfksproxy.dll+0x19600]
C  [mfksproxy.dll+0x18199]
C  [mfksproxy.dll+0x6eeb]
C  [quartz.dll+0x42e19]
C  [quartz.dll+0x553ef]
C  [quartz.dll+0x57932]
C  [quartz.dll+0x56d75]
C  [opencv_java341.dll+0x1c5dcac]
C  [opencv_java341.dll+0x20dc6c0]
C  [opencv_java341.dll+0x2011eac]
C  [opencv_java341.dll+0x2011bf1]
C  [opencv_java341.dll+0x2011f99]
C  [opencv_java341.dll+0x200eefc]
C  [opencv_java341.dll+0x200ee65]
C  [opencv_java341.dll+0x200efff]
C  [opencv_java341.dll+0x1fc534b]
C  [opencv_java341.dll+0x1fc5032]
C  [opencv_java341.dll+0x1fc5128]
C  [ntdll.dll+0x11493]
C  [ntdll.dll+0x40755]
C  [ntdll.dll+0x40614]
C  [KERNEL32.DLL+0xf06a]
C  [msvcr100.dll+0x20ccd]
V  [jvm.dll+0x212e95]
V  [jvm.dll+0x24c227]
V  [jvm.dll+0x24b4c6]
V  [jvm.dll+0x24b961]
V  [jvm.dll+0x24bb7e]
V  [jvm.dll+0x29cc4a]
C  [msvcr100.dll+0x21d9f]
C  [msvcr100.dll+0x21e3b]
C  [KERNEL32.DLL+0x11fe4]
C  [ntdll.dll+0x6f061]

VM_Operation (0x000000001f23d3e0): Exit, mode: safepoint, requested by thread 0x000000001cf60000


---------------  P R O C E S S  ---------------

Java Threads: ( => current thread )
  0x000000001ce27000 JavaThread "TimerQueue" daemon [_thread_blocked, id=13816, stack(0x00000000295e0000,0x00000000296e0000)]
  0x000000001cf60000 JavaThread "AWT-EventQueue-0" [_thread_blocked, id=1668, stack(0x000000001f140000,0x000000001f240000)]
  0x000000001cf47800 JavaThread "AWT-Shutdown" [_thread_blocked, id=2796, stack(0x000000001d770000,0x000000001d870000)]
  0x000000001cecb800 JavaThread "Java2D Disposer" daemon [_thread_blocked, id=1452, stack(0x000000001d580000,0x000000001d680000)]
  0x000000001be19800 JavaThread "Service Thread" daemon [_thread_blocked, id=22708, stack(0x000000001ca40000,0x000000001cb40000)]
  0x000000001bd86800 JavaThread "C1 CompilerThread3" daemon [_thread_blocked, id=4740, stack(0x000000001c940000,0x000000001ca40000)]
  0x000000001bd82000 JavaThread "C2 CompilerThread2" daemon [_thread_blocked, id=4956, stack(0x000000001c840000,0x000000001c940000)]
  0x000000001bd7c000 JavaThread "C2 CompilerThread1" daemon [_thread_blocked, id=14228, stack(0x000000001c740000,0x000000001c840000)]
  0x000000001bd79800 JavaThread "C2 CompilerThread0" daemon [_thread_blocked, id=22416, stack(0x000000001c640000,0x000000001c740000)]
  0x000000001bd77800 JavaThread "Attach Listener" daemon [_thread_blocked, id=19432, stack(0x000000001c540000,0x000000001c640000)]
  0x0000000019e7e800 JavaThread "Signal Dispatcher" daemon [_thread_blocked, id=6768, stack(0x000000001c440000,0x000000001c540000)]
  0x000000001bd70800 JavaThread "Finalizer" daemon [_thread_blocked, id=9612, stack(0x000000001c150000,0x000000001c250000)]
  0x0000000004e99000 JavaThread "Reference Handler" daemon [_thread_blocked, id=19980, stack(0x000000001bc50000,0x000000001bd50000)]
  0x0000000004c9e000 JavaThread "main" [_thread_blocked, id=16976, stack(0x0000000004ca0000,0x0000000004da0000)]

Other Threads:
=>0x0000000019e69000 VMThread [stack: 0x000000001bb50000,0x000000001bc50000] [id=13088]

VM state:at safepoint (shutting down)

VM Mutex/Monitor currently owned by a thread:  ([mutex/lock_event])
[0x0000000004c9d480] Threads_lock - owner thread: 0x0000000019e69000

Heap:
 PSYoungGen      total 120832K, used 46252K [0x00000000d5b80000, 0x00000000def00000, 0x0000000100000000)
  eden space 113664K, 36% used [0x00000000d5b80000,0x00000000d837f000,0x00000000dca80000)
  from space 7168K, 73% used [0x00000000dca80000,0x00000000dcfac060,0x00000000dd180000)
  to   space 7168K, 0% used [0x00000000de800000,0x00000000de800000,0x00000000def00000)
 ParOldGen       total 87552K, used 65142K [0x0000000081200000, 0x0000000086780000, 0x00000000d5b80000)
  object space 87552K, 74% used [0x0000000081200000,0x000000008519da08,0x0000000086780000)
 Metaspace       used 11386K, capacity 11538K, committed 11648K, reserved 1058816K
  class space    used 1256K, capacity 1326K, committed 1408K, reserved 1048576K

Card table byte_map: [0x0000000014260000,0x0000000014660000] byte_map_base: 0x0000000013e57000

Marking Bits: (ParMarkBitMap*) 0x000000006f38f860
 Begin Bits: [0x0000000015110000, 0x00000000170c8000)
 End Bits:   [0x00000000170c8000, 0x0000000019080000)

Polling page: 0x0000000003280000

CodeCache: size=245760Kb used=6514Kb max_used=6542Kb free=239245Kb
 bounds [0x0000000004ea0000, 0x0000000005520000, 0x0000000013ea0000]
 total_blobs=2445 nmethods=1764 adapters=593
 compilation: enabled

Compilation events (10 events):
Event: 38.687 Thread 0x000000001bd7c000 nmethod 1776 0x0000000005475790 code [0x00000000054758c0, 0x0000000005475918]
Event: 38.688 Thread 0x000000001bd79800 1777   !   4       sun.swing.SwingUtilities2::getLeftSideBearing (178 bytes)
Event: 38.690 Thread 0x000000001bd79800 nmethod 1777 0x0000000005476550 code [0x0000000005476680, 0x00000000054766f8]
Event: 38.700 Thread 0x000000001bd82000 1778       4       sun.font.FontDesignMetrics::getHeight (35 bytes)
Event: 38.701 Thread 0x000000001bd82000 nmethod 1778 0x000000000548b990 code [0x000000000548bac0, 0x000000000548bb38]
Event: 39.261 Thread 0x000000001bd7c000 1779       4       javax.swing.SwingUtilities::findDisplayedMnemonicIndex (69 bytes)
Event: 39.263 Thread 0x000000001bd7c000 nmethod 1779 0x0000000005470e10 code [0x0000000005470f40, 0x0000000005470fb8]
Event: 39.286 Thread 0x000000001bd79800 1780       4       javax.swing.JLabel::setText (107 bytes)
Event: 39.518 Thread 0x000000001bd79800 nmethod 1780 0x00000000055067d0 code [0x0000000005506ca0, 0x000000000550ac40]
Event: 39.552 Thread 0x000000001bd82000 1781 %     4       src.com.crimsonsight.Main::main @ 722 (1010 bytes)

GC Heap History (10 events):
Event: 35.163 GC heap before
{Heap before GC invocations=57 (full 0):
 PSYoungGen      total 86528K, used 83952K [0x00000000d5b80000, 0x00000000db700000, 0x0000000100000000)
  eden space 79360K, 100% used [0x00000000d5b80000,0x00000000da900000,0x00000000da900000)
  from space 7168K, 64% used [0x00000000db000000,0x00000000db47c060,0x00000000db700000)
  to   space 7168K, 0% used [0x00000000da900000,0x00000000da900000,0x00000000db000000)
 ParOldGen       total 87552K, used 65024K [0x0000000081200000, 0x0000000086780000, 0x00000000d5b80000)
  object space 87552K, 74% used [0x0000000081200000,0x00000000851801f8,0x0000000086780000)
 Metaspace       used 11383K, capacity 11538K, committed 11648K, reserved 1058816K
  class space    used 1255K, capacity 1326K, committed 1408K, reserved 1048576K
Event: 35.177 GC heap after
Heap after GC invocations=57 (full 0):
 PSYoungGen      total 86528K, used 4452K [0x00000000d5b80000, 0x00000000dc580000, 0x0000000100000000)
  eden space 79360K, 0% used [0x00000000d5b80000,0x00000000d5b80000,0x00000000da900000)
  from space 7168K, 62% used [0x00000000da900000,0x00000000dad59050,0x00000000db000000)
  to   space 6656K, 0% used [0x00000000dbf00000,0x00000000dbf00000,0x00000000dc580000)
 ParOldGen       total 87552K, used 65048K [0x0000000081200000, 0x0000000086780000, 0x00000000d5b80000)
  object space 87552K, 74% used [0x0000000081200000,0x00000000851861f8,0x0000000086780000)
 Metaspace       used 11383K, capacity 11538K, committed 11648K, reserved 1058816K
  class space    used 1255K, capacity 1326K, committed 1408K, reserved 1048576K
}
Event: 36.221 GC heap before
{Heap before GC invocations=58 (full 0):
 PSYoungGen      total 86528K, used 83350K [0x00000000d5b80000, 0x00000000dc580000, 0x0000000100000000)
  eden space 79360K, 99% used [0x00000000d5b80000,0x00000000da88ca78,0x00000000da900000)
  from space 7168K, 62% used [0x00000000da900000,0x00000000dad59050,0x00000000db000000)
  to   space 6656K, 0% used [0x00000000dbf00000,0x00000000dbf00000,0x00000000dc580000)
 ParOldGen       total 87552K, used 65048K [0x0000000081200000, 0x0000000086780000, 0x00000000d5b80000)
  object space 87552K, 74% used [0x0000000081200000,0x00000000851861f8,0x0000000086780000)
 Metaspace       used 11384K, capacity 11538K, committed 11648K, reserved 1058816K
  class space    used 1255K, capacity 1326K, committed 1408K, reserved 1048576K
Event: 36.237 GC heap after
Heap after GC invocations=58 (full 0):
 PSYoungGen      total 101376K, used 5652K [0x00000000d5b80000, 0x00000000dc680000, 0x0000000100000000)
  eden space 94720K, 0% used [0x00000000d5b80000,0x00000000d5b80000,0x00000000db800000)
  from space 6656K, 84% used [0x00000000dbf00000,0x00000000dc485070,0x00000000dc580000)
  to   space 7168K, 0% used [0x00000000db800000,0x00000000db800000,0x00000000dbf00000)
 ParOldGen       total 87552K, used 65064K [0x0000000081200000, 0x0000000086780000, 0x00000000d5b80000)
  object space 87552K, 74% used [0x0000000081200000,0x000000008518a1f8,0x0000000086780000)
 Metaspace       used 11384K, capacity 11538K, committed 11648K, reserved 1058816K
  class space    used 1255K, capacity 1326K, committed 1408K, reserved 1048576K
}
Event: 37.485 GC heap before
{Heap before GC invocations=59 (full 0):
 PSYoungGen      total 101376K, used 100372K [0x00000000d5b80000, 0x00000000dc680000, 0x0000000100000000)
  eden space 94720K, 100% used [0x00000000d5b80000,0x00000000db800000,0x00000000db800000)
  from space 6656K, 84% used [0x00000000dbf00000,0x00000000dc485070,0x00000000dc580000)
  to   space 7168K, 0% used [0x00000000db800000,0x00000000db800000,0x00000000dbf00000)
 ParOldGen       total 87552K, used 65064K [0x0000000081200000, 0x0000000086780000, 0x00000000d5b80000)
  object space 87552K, 74% used [0x0000000081200000,0x000000008518a1f8,0x0000000086780000)
 Metaspace       used 11384K, capacity 11538K, committed 11648K, reserved 1058816K
  class space    used 1255K, capacity 1326K, committed 1408K, reserved 1048576K
Event: 37.497 GC heap after
Heap after GC invocations=59 (full 0):
 PSYoungGen      total 101888K, used 5276K [0x00000000d5b80000, 0x00000000dd880000, 0x0000000100000000)
  eden space 94720K, 0% used [0x00000000d5b80000,0x00000000d5b80000,0x00000000db800000)
  from space 7168K, 73% used [0x00000000db800000,0x00000000dbd27050,0x00000000dbf00000)
  to   space 7168K, 0% used [0x00000000dd180000,0x00000000dd180000,0x00000000dd880000)
 ParOldGen       total 87552K, used 65088K [0x0000000081200000, 0x0000000086780000, 0x00000000d5b80000)
  object space 87552K, 74% used [0x0000000081200000,0x00000000851901f8,0x0000000086780000)
 Metaspace       used 11384K, capacity 11538K, committed 11648K, reserved 1058816K
  class space    used 1255K, capacity 1326K, committed 1408K, reserved 1048576K
}
Event: 38.764 GC heap before
{Heap before GC invocations=60 (full 0):
 PSYoungGen      total 101888K, used 99996K [0x00000000d5b80000, 0x00000000dd880000, 0x0000000100000000)
  eden space 94720K, 100% used [0x00000000d5b80000,0x00000000db800000,0x00000000db800000)
  from space 7168K, 73% used [0x00000000db800000,0x00000000dbd27050,0x00000000dbf00000)
  to   space 7168K, 0% used [0x00000000dd180000,0x00000000dd180000,0x00000000dd880000)
 ParOldGen       total 87552K, used 65088K [0x0000000081200000, 0x0000000086780000, 0x00000000d5b80000)
  object space 87552K, 74% used [0x0000000081200000,0x00000000851901f8,0x0000000086780000)
 Metaspace       used 11385K, capacity 11538K, committed 11648K, reserved 1058816K
  class space    used 1256K, capacity 1326K, committed 1408K, reserved 1048576K
Event: 38.786 GC heap after
Heap after GC invocations=60 (full 0):
 PSYoungGen      total 120832K, used 5608K [0x00000000d5b80000, 0x00000000dd880000, 0x0000000100000000)
  eden space 113664K, 0% used [0x00000000d5b80000,0x00000000d5b80000,0x00000000dca80000)
  from space 7168K, 78% used [0x00000000dd180000,0x00000000dd6fa060,0x00000000dd880000)
  to   space 7168K, 0% used [0x00000000dca80000,0x00000000dca80000,0x00000000dd180000)
 ParOldGen       total 87552K, used 65104K [0x0000000081200000, 0x0000000086780000, 0x00000000d5b80000)
  object space 87552K, 74% used [0x0000000081200000,0x00000000851941f8,0x0000000086780000)
 Metaspace       used 11385K, capacity 11538K, committed 11648K, reserved 1058816K
  class space    used 1256K, capacity 1326K, committed 1408K, reserved 1048576K
}
Event: 40.288 GC heap before
{Heap before GC invocations=61 (full 0):
 PSYoungGen      total 120832K, used 119102K [0x00000000d5b80000, 0x00000000dd880000, 0x0000000100000000)
  eden space 113664K, 99% used [0x00000000d5b80000,0x00000000dca558d0,0x00000000dca80000)
  from space 7168K, 78% used [0x00000000dd180000,0x00000000dd6fa060,0x00000000dd880000)
  to   space 7168K, 0% used [0x00000000dca80000,0x00000000dca80000,0x00000000dd180000)
 ParOldGen       total 87552K, used 65104K [0x0000000081200000, 0x0000000086780000, 0x00000000d5b80000)
  object space 87552K, 74% used [0x0000000081200000,0x00000000851941f8,0x0000000086780000)
 Metaspace       used 11385K, capacity 11538K, committed 11648K, reserved 1058816K
  class space    used 1256K, capacity 1326K, committed 1408K, reserved 1048576K
Event: 40.303 GC heap after
Heap after GC invocations=61 (full 0):
 PSYoungGen      total 120832K, used 5296K [0x00000000d5b80000, 0x00000000def00000, 0x0000000100000000)
  eden space 113664K, 0% used [0x00000000d5b80000,0x00000000d5b80000,0x00000000dca80000)
  from space 7168K, 73% used [0x00000000dca80000,0x00000000dcfac060,0x00000000dd180000)
  to   space 7168K, 0% used [0x00000000de800000,0x00000000de800000,0x00000000def00000)
 ParOldGen       total 87552K, used 65142K [0x0000000081200000, 0x0000000086780000, 0x00000000d5b80000)
  object space 87552K, 74% used [0x0000000081200000,0x000000008519da08,0x0000000086780000)
 Metaspace       used 11385K, capacity 11538K, committed 11648K, reserved 1058816K
  class space    used 1256K, capacity 1326K, committed 1408K, reserved 1048576K
}

Deoptimization events (10 events):
Event: 1.808 Thread 0x0000000004c9e000 Uncommon trap: reason=unstable_if action=reinterpret pc=0x00000000050a3724 method=java.lang.CharacterData.of(I)Ljava/lang/CharacterData; @ 4
Event: 1.838 Thread 0x0000000004c9e000 Uncommon trap: reason=unstable_if action=reinterpret pc=0x000000000513fb74 method=java.lang.Character.isSurrogate(C)Z @ 3
Event: 1.998 Thread 0x0000000004c9e000 Uncommon trap: reason=unstable_if action=reinterpret pc=0x000000000517b960 method=src.com.crimsonsight.Panel.matToBufferedImage(Lorg/opencv/core/Mat;)Ljava/awt/image/BufferedImage; @ 120
Event: 2.000 Thread 0x0000000004c9e000 Uncommon trap: reason=unstable_if action=reinterpret pc=0x0000000005185a5c method=sun.awt.image.ByteInterleavedRaster.putByteData(IIII[B)V @ 446
Event: 2.161 Thread 0x000000001cf60000 Uncommon trap: reason=unstable_if action=reinterpret pc=0x000000000516bd00 method=java.lang.ref.SoftReference.get()Ljava/lang/Object; @ 17
Event: 9.550 Thread 0x000000001cf60000 Uncommon trap: reason=unstable_if action=reinterpret pc=0x0000000005386150 method=java.util.concurrent.locks.AbstractQueuedSynchronizer.release(I)Z @ 14
Event: 9.550 Thread 0x000000001cf60000 Uncommon trap: reason=unstable_if action=reinterpret pc=0x00000000053812c0 method=java.util.concurrent.locks.ReentrantLock$Sync.tryRelease(I)Z @ 28
Event: 33.282 Thread 0x0000000004c9e000 Uncommon trap: reason=unstable_if action=reinterpret pc=0x0000000005498598 method=sun.misc.FloatingDecimal.getBinaryToASCIIConverter(DZ)Lsun/misc/FloatingDecimal$BinaryToASCIIConverter; @ 12
Event: 40.701 Thread 0x000000001cf60000 Uncommon trap: reason=unstable_if action=reinterpret pc=0x0000000004fa21d8 method=java.util.IdentityHashMap.keySet()Ljava/util/Set; @ 6
Event: 40.748 Thread 0x0000000004c9e000 Uncommon trap: reason=unstable_if action=reinterpret pc=0x0000000005509110 method=java.util.concurrent.atomic.AtomicBoolean.get()Z @ 4

Classes redefined (0 events):
No events

Internal exceptions (10 events):
Event: 0.041 Thread 0x0000000004c9e000 Exception <a 'java/lang/NoSuchMethodError': Method sun.misc.Unsafe.prefetchRead(Ljava/lang/Object;J)V name or signature does not match> (0x00000000d5b87f88) thrown at [C:\re\workspace\8-2-build-windows-amd64-cygwin\jdk8u161\10277\hotspot\src\share\vm\prim
Event: 0.175 Thread 0x0000000004c9e000 Exception <a 'java/security/PrivilegedActionException'> (0x00000000d5d5c760) thrown at [C:\re\workspace\8-2-build-windows-amd64-cygwin\jdk8u161\10277\hotspot\src\share\vm\prims\jvm.cpp, line 1390]
Event: 0.175 Thread 0x0000000004c9e000 Exception <a 'java/security/PrivilegedActionException'> (0x00000000d5d5c970) thrown at [C:\re\workspace\8-2-build-windows-amd64-cygwin\jdk8u161\10277\hotspot\src\share\vm\prims\jvm.cpp, line 1390]
Event: 0.176 Thread 0x0000000004c9e000 Exception <a 'java/security/PrivilegedActionException'> (0x00000000d5d606b8) thrown at [C:\re\workspace\8-2-build-windows-amd64-cygwin\jdk8u161\10277\hotspot\src\share\vm\prims\jvm.cpp, line 1390]
Event: 0.176 Thread 0x0000000004c9e000 Exception <a 'java/security/PrivilegedActionException'> (0x00000000d5d608c8) thrown at [C:\re\workspace\8-2-build-windows-amd64-cygwin\jdk8u161\10277\hotspot\src\share\vm\prims\jvm.cpp, line 1390]
Event: 0.181 Thread 0x0000000004c9e000 Exception <a 'java/io/FileNotFoundException'> (0x00000000d5d62cf0) thrown at [C:\re\workspace\8-2-build-windows-amd64-cygwin\jdk8u161\10277\hotspot\src\share\vm\prims\jni.cpp, line 709]
Event: 0.216 Thread 0x0000000004c9e000 Exception <a 'java/lang/NoSuchFieldError': method resolution failed> (0x00000000d5e33838) thrown at [C:\re\workspace\8-2-build-windows-amd64-cygwin\jdk8u161\10277\hotspot\src\share\vm\prims\methodHandles.cpp, line 1167]
Event: 0.218 Thread 0x0000000004c9e000 Exception <a 'java/lang/NoSuchFieldError': method resolution failed> (0x00000000d5e40c08) thrown at [C:\re\workspace\8-2-build-windows-amd64-cygwin\jdk8u161\10277\hotspot\src\share\vm\prims\methodHandles.cpp, line 1167]
Event: 0.262 Thread 0x0000000004c9e000 Exception <a 'java/io/FileNotFoundException'> (0x00000000d5ed8ab0) thrown at [C:\re\workspace\8-2-build-windows-amd64-cygwin\jdk8u161\10277\hotspot\src\share\vm\prims\jni.cpp, line 709]
Event: 9.550 Thread 0x000000001cf60000 Implicit null exception at 0x0000000005386047 to 0x000000000538613e

Events (10 events):
Event: 40.701 Thread 0x000000001cf60000 DEOPT UNPACKING pc=0x0000000004ee583b sp=0x000000001f23d2f0 mode 2
Event: 40.701 Thread 0x000000001bee6800 Thread added: 0x000000001bee6800
Event: 40.701 Thread 0x00000000217ed000 Thread added: 0x00000000217ed000
Event: 40.702 Thread 0x00000000217ed000 Thread exited: 0x00000000217ed000
Event: 40.716 Thread 0x000000001cf48000 Thread exited: 0x000000001cf48000
Event: 40.748 Thread 0x0000000004c9e000 Uncommon trap: trap_request=0xffffff65 fr.pc=0x0000000005509110
Event: 40.748 Thread 0x0000000004c9e000 DEOPT PACKING pc=0x0000000005509110 sp=0x0000000004d9efb0
Event: 40.748 Thread 0x0000000004c9e000 DEOPT UNPACKING pc=0x0000000004ee583b sp=0x0000000004d9eea0 mode 2
Event: 40.802 Thread 0x000000001bee6800 Thread exited: 0x000000001bee6800
Event: 40.804 Executing VM operation: Exit


Dynamic libraries:
0x00007ff7ba180000 - 0x00007ff7ba1b7000 	C:\Program Files\Java\jre1.8.0_161\bin\javaw.exe
0x00007ffbc6260000 - 0x00007ffbc6440000 	C:\WINDOWS\SYSTEM32\ntdll.dll
0x00007ffba6d50000 - 0x00007ffba6d84000 	C:\Program Files\AVAST Software\Avast\x64\aswhooka.dll
0x00007ffbc5f40000 - 0x00007ffbc5fee000 	C:\WINDOWS\System32\KERNEL32.DLL
0x00007ffbc3270000 - 0x00007ffbc34d6000 	C:\WINDOWS\System32\KERNELBASE.dll
0x00007ffbc3bb0000 - 0x00007ffbc3c51000 	C:\WINDOWS\System32\ADVAPI32.dll
0x00007ffbc3ce0000 - 0x00007ffbc3d7d000 	C:\WINDOWS\System32\msvcrt.dll
0x00007ffbc37f0000 - 0x00007ffbc384b000 	C:\WINDOWS\System32\sechost.dll
0x00007ffbc5e20000 - 0x00007ffbc5f3f000 	C:\WINDOWS\System32\RPCRT4.dll
0x00007ffbc5220000 - 0x00007ffbc53af000 	C:\WINDOWS\System32\USER32.dll
0x00007ffbc27c0000 - 0x00007ffbc27e0000 	C:\WINDOWS\System32\win32u.dll
0x00007ffbc6060000 - 0x00007ffbc6088000 	C:\WINDOWS\System32\GDI32.dll
0x00007ffbc3590000 - 0x00007ffbc3723000 	C:\WINDOWS\System32\gdi32full.dll
0x00007ffbc27e0000 - 0x00007ffbc287b000 	C:\WINDOWS\System32\msvcp_win.dll
0x00007ffbc2660000 - 0x00007ffbc2756000 	C:\WINDOWS\System32\ucrtbase.dll
0x00007ffbb5220000 - 0x00007ffbb5489000 	C:\WINDOWS\WinSxS\amd64_microsoft.windows.common-controls_6595b64144ccf1df_6.0.16299.371_none_15c7d1789365a290\COMCTL32.dll
0x00007ffbc5b10000 - 0x00007ffbc5e18000 	C:\WINDOWS\System32\combase.dll
0x00007ffbc31f0000 - 0x00007ffbc3262000 	C:\WINDOWS\System32\bcryptPrimitives.dll
0x00007ffbc3b20000 - 0x00007ffbc3b4d000 	C:\WINDOWS\System32\IMM32.DLL
0x000000006e8d0000 - 0x000000006e9a2000 	C:\Program Files\Java\jre1.8.0_161\bin\msvcr100.dll
0x000000006eb70000 - 0x000000006f40f000 	C:\Program Files\Java\jre1.8.0_161\bin\server\jvm.dll
0x00007ffbc3a70000 - 0x00007ffbc3a78000 	C:\WINDOWS\System32\PSAPI.DLL
0x00007ffbb5fe0000 - 0x00007ffbb5fe9000 	C:\WINDOWS\SYSTEM32\WSOCK32.dll
0x00007ffbc5ff0000 - 0x00007ffbc605c000 	C:\WINDOWS\System32\WS2_32.dll
0x00007ffbb9260000 - 0x00007ffbb9283000 	C:\WINDOWS\SYSTEM32\WINMM.dll
0x00007ffbb2ad0000 - 0x00007ffbb2ada000 	C:\WINDOWS\SYSTEM32\VERSION.dll
0x00007ffbb9130000 - 0x00007ffbb915a000 	C:\WINDOWS\SYSTEM32\WINMMBASE.dll
0x00007ffbc2a50000 - 0x00007ffbc2a9a000 	C:\WINDOWS\System32\cfgmgr32.dll
0x0000000070850000 - 0x000000007085f000 	C:\Program Files\Java\jre1.8.0_161\bin\verify.dll
0x0000000070820000 - 0x0000000070849000 	C:\Program Files\Java\jre1.8.0_161\bin\java.dll
0x0000000070800000 - 0x0000000070816000 	C:\Program Files\Java\jre1.8.0_161\bin\zip.dll
0x00007ffbc3de0000 - 0x00007ffbc5216000 	C:\WINDOWS\System32\SHELL32.dll
0x00007ffbc3730000 - 0x00007ffbc37d6000 	C:\WINDOWS\System32\shcore.dll
0x00007ffbc2aa0000 - 0x00007ffbc31e7000 	C:\WINDOWS\System32\windows.storage.dll
0x00007ffbc3c60000 - 0x00007ffbc3cb1000 	C:\WINDOWS\System32\shlwapi.dll
0x00007ffbc2620000 - 0x00007ffbc2631000 	C:\WINDOWS\System32\kernel.appcore.dll
0x00007ffbc25d0000 - 0x00007ffbc261c000 	C:\WINDOWS\System32\powrprof.dll
0x00007ffbc2640000 - 0x00007ffbc265b000 	C:\WINDOWS\System32\profapi.dll
0x00007ffb7c280000 - 0x00007ffb7ef52000 	C:\Users\mtahs\Documents\opencv\build\java\x64\opencv_java341.dll
0x00007ffbc3920000 - 0x00007ffbc3a69000 	C:\WINDOWS\System32\ole32.dll
0x00007ffbc3850000 - 0x00007ffbc3915000 	C:\WINDOWS\System32\OLEAUT32.dll
0x00007ffbbebb0000 - 0x00007ffbbebd9000 	C:\WINDOWS\SYSTEM32\MSVFW32.dll
0x00007ffbbeb60000 - 0x00007ffbbeb7f000 	C:\WINDOWS\SYSTEM32\AVIFIL32.dll
0x00007ffbbe7b0000 - 0x00007ffbbe7c8000 	C:\WINDOWS\SYSTEM32\AVICAP32.dll
0x00007ffbbe720000 - 0x00007ffbbe73c000 	C:\WINDOWS\SYSTEM32\MSACM32.dll
0x000000006e730000 - 0x000000006e8c8000 	C:\Program Files\Java\jre1.8.0_161\bin\awt.dll
0x00007ffbc0370000 - 0x00007ffbc03f8000 	C:\WINDOWS\SYSTEM32\apphelp.dll
0x00007ffbc0c20000 - 0x00007ffbc0c4a000 	C:\WINDOWS\system32\DWMAPI.DLL
0x00007ffbc0800000 - 0x00007ffbc0895000 	C:\WINDOWS\system32\uxtheme.dll
0x00007ffba6850000 - 0x00007ffba696e000 	C:\WINDOWS\system32\opengl32.dll
0x00007ffbbc110000 - 0x00007ffbbc13c000 	C:\WINDOWS\SYSTEM32\GLU32.dll
0x00007ffbc5810000 - 0x00007ffbc5977000 	C:\WINDOWS\System32\MSCTF.dll
0x00007ffba0880000 - 0x00007ffba0929000 	C:\Program Files\Common Files\microsoft shared\ink\tiptsf.dll
0x0000000070720000 - 0x0000000070767000 	C:\Program Files\Java\jre1.8.0_161\bin\fontmanager.dll
0x00007ffbb91c0000 - 0x00007ffbb9258000 	C:\WINDOWS\System32\TextInputFramework.dll
0x00007ffbb8510000 - 0x00007ffbb87fe000 	C:\WINDOWS\System32\CoreUIComponents.dll
0x00007ffbbf370000 - 0x00007ffbbf44c000 	C:\WINDOWS\System32\CoreMessaging.dll
0x00007ffbc16e0000 - 0x00007ffbc1711000 	C:\WINDOWS\SYSTEM32\ntmarta.dll
0x00007ffbbea00000 - 0x00007ffbbeb36000 	C:\WINDOWS\SYSTEM32\wintypes.dll
0x00007ffbc3a80000 - 0x00007ffbc3b1e000 	C:\WINDOWS\System32\clbcatq.dll
0x00007ffbb7030000 - 0x00007ffbb7236000 	C:\Windows\System32\uiautomationcore.dll
0x00007ffbc2410000 - 0x00007ffbc24aa000 	C:\WINDOWS\SYSTEM32\sxs.dll
0x00007ffbbe040000 - 0x00007ffbbe0ae000 	C:\Windows\System32\OLEACC.dll
0x00007ffbb8800000 - 0x00007ffbb8881000 	C:\WINDOWS\SYSTEM32\twinapi.dll
0x00007ffbc0aa0000 - 0x00007ffbc0c1b000 	C:\WINDOWS\SYSTEM32\twinapi.appcore.dll
0x00007ffbc0d10000 - 0x00007ffbc0d30000 	C:\WINDOWS\SYSTEM32\RMCLIENT.dll
0x00007ffbc2110000 - 0x00007ffbc2135000 	C:\WINDOWS\SYSTEM32\bcrypt.dll
0x00007ffbbc910000 - 0x00007ffbbc928000 	C:\Windows\System32\devenum.dll
0x00007ffbc53b0000 - 0x00007ffbc57fe000 	C:\WINDOWS\System32\setupapi.dll
0x00007ffbc23c0000 - 0x00007ffbc23e7000 	C:\WINDOWS\SYSTEM32\DEVOBJ.dll
0x00007ffbc2760000 - 0x00007ffbc27b8000 	C:\WINDOWS\System32\WINTRUST.dll
0x00007ffbc25b0000 - 0x00007ffbc25c2000 	C:\WINDOWS\System32\MSASN1.dll
0x00007ffbc2880000 - 0x00007ffbc2a4e000 	C:\WINDOWS\System32\CRYPT32.dll
0x00000000707e0000 - 0x00000000707fa000 	C:\Program Files\Java\jre1.8.0_161\bin\net.dll
0x00007ffbbe610000 - 0x00007ffbbe61a000 	C:\WINDOWS\SYSTEM32\msdmo.dll
0x00007ffbc1e40000 - 0x00007ffbc1ea6000 	C:\WINDOWS\system32\mswsock.dll
0x00000000707c0000 - 0x00000000707d1000 	C:\Program Files\Java\jre1.8.0_161\bin\nio.dll
0x00007ffbb5970000 - 0x00007ffbb59a3000 	C:\Windows\System32\qcap.dll
0x00007ffba20b0000 - 0x00007ffba226c000 	C:\Windows\System32\quartz.dll
0x000000006f840000 - 0x000000006f882000 	C:\Program Files\Java\jre1.8.0_161\bin\t2k.dll
0x00007ffbb3090000 - 0x00007ffbb30de000 	C:\Windows\System32\mfksproxy.dll
0x00007ffba62c0000 - 0x00007ffba62dd000 	C:\Windows\System32\ATL.DLL
0x00007ffbb2d80000 - 0x00007ffbb2db6000 	C:\Windows\System32\MFSENSORGROUP.dll
0x00007ffbaec60000 - 0x00007ffbaee13000 	C:\Windows\System32\MFPlat.DLL
0x00007ffbb1ce0000 - 0x00007ffbb1d11000 	C:\Windows\System32\RTWorkQ.DLL
0x00007ffba4bd0000 - 0x00007ffba5017000 	C:\Windows\System32\MFCORE.dll
0x00007ffbbd5e0000 - 0x00007ffbbd5e9000 	C:\Windows\System32\ksuser.dll
0x00007ffbc2020000 - 0x00007ffbc202b000 	C:\Windows\System32\CRYPTBASE.DLL
0x00007ffbafa80000 - 0x00007ffbafad0000 	C:\Windows\System32\FSClient.dll
0x00007ffbc13c0000 - 0x00007ffbc146f000 	C:\Windows\System32\dxgi.dll
0x00007ffbbf450000 - 0x00007ffbbf732000 	C:\Windows\System32\d3d11.dll
0x00007ffbbe550000 - 0x00007ffbbe55a000 	C:\Windows\System32\AVRT.dll
0x00007ffbbec20000 - 0x00007ffbbec2c000 	C:\Windows\System32\vidcap.ax
0x00007ffbb5e90000 - 0x00007ffbb5eb6000 	C:\Windows\System32\kswdmcap.ax
0x00007ffba1d20000 - 0x00007ffba1e85000 	C:\Windows\System32\MFC42.dll
0x00007ffb95830000 - 0x00007ffb95da3000 	C:\WINDOWS\system32\IntelCameraPlugin64.dll
0x00007ffbbdb50000 - 0x00007ffbbdbca000 	C:\WINDOWS\SYSTEM32\policymanager.dll
0x00007ffbbd5f0000 - 0x00007ffbbd680000 	C:\Windows\System32\msvcp110_win.dll
0x00007ffba1880000 - 0x00007ffba198a000 	C:\Windows\System32\MFReadWrite.dll
0x00007ffba17e0000 - 0x00007ffba1880000 	C:\Windows\System32\qedit.dll
0x00007ffbc5980000 - 0x00007ffbc5a8a000 	C:\WINDOWS\System32\COMDLG32.dll
0x00007ffbbc930000 - 0x00007ffbbcacc000 	C:\WINDOWS\WinSxS\amd64_microsoft.windows.gdiplus_6595b64144ccf1df_1.1.16299.371_none_46b2c45dedf81c5e\gdiplus.dll
0x00007ffb9b4e0000 - 0x00007ffb9b5d6000 	C:\Windows\System32\DDRAW.dll
0x00007ffbb5f70000 - 0x00007ffbb5f78000 	C:\Windows\System32\DCIMAN32.dll
0x00007ffbbeb50000 - 0x00007ffbbeb5c000 	C:\WINDOWS\SYSTEM32\msyuv.dll
0x00007ffbc2000000 - 0x00007ffbc2017000 	C:\WINDOWS\SYSTEM32\CRYPTSP.dll
0x00007ffbc1a40000 - 0x00007ffbc1a73000 	C:\WINDOWS\system32\rsaenh.dll
0x00007ffbc24e0000 - 0x00007ffbc2509000 	C:\WINDOWS\SYSTEM32\USERENV.dll
0x00007ffbc1bd0000 - 0x00007ffbc1c09000 	C:\WINDOWS\SYSTEM32\IPHLPAPI.DLL
0x00007ffbc37e0000 - 0x00007ffbc37e8000 	C:\WINDOWS\System32\NSI.dll
0x00007ffbbcfc0000 - 0x00007ffbbcfd6000 	C:\WINDOWS\SYSTEM32\dhcpcsvc6.DLL
0x00007ffbbcf60000 - 0x00007ffbbcf7a000 	C:\WINDOWS\SYSTEM32\dhcpcsvc.DLL
0x00007ffb9f990000 - 0x00007ffb9fa79000 	C:\Users\mtahs\AppData\Local\Temp\NetworkTablesJNI8404292195080512384.dll
0x00007ffbc1090000 - 0x00007ffbc1258000 	C:\WINDOWS\SYSTEM32\dbghelp.dll

VM Arguments:
jvm_args: -Djava.library.path=C:\Users\mtahs\Documents\opencv\build\java\x64 -Dfile.encoding=Cp1252 
java_command: src.com.crimsonsight.Main
java_class_path (initial): C:\Program Files\Java\jre1.8.0_161\lib\resources.jar;C:\Program Files\Java\jre1.8.0_161\lib\rt.jar;C:\Program Files\Java\jre1.8.0_161\lib\jsse.jar;C:\Program Files\Java\jre1.8.0_161\lib\jce.jar;C:\Program Files\Java\jre1.8.0_161\lib\charsets.jar;C:\Program Files\Java\jre1.8.0_161\lib\jfr.jar;C:\Program Files\Java\jre1.8.0_161\lib\ext\access-bridge-64.jar;C:\Program Files\Java\jre1.8.0_161\lib\ext\cldrdata.jar;C:\Program Files\Java\jre1.8.0_161\lib\ext\dnsns.jar;C:\Program Files\Java\jre1.8.0_161\lib\ext\jaccess.jar;C:\Program Files\Java\jre1.8.0_161\lib\ext\jfxrt.jar;C:\Program Files\Java\jre1.8.0_161\lib\ext\localedata.jar;C:\Program Files\Java\jre1.8.0_161\lib\ext\nashorn.jar;C:\Program Files\Java\jre1.8.0_161\lib\ext\sunec.jar;C:\Program Files\Java\jre1.8.0_161\lib\ext\sunjce_provider.jar;C:\Program Files\Java\jre1.8.0_161\lib\ext\sunmscapi.jar;C:\Program Files\Java\jre1.8.0_161\lib\ext\sunpkcs11.jar;C:\Program Files\Java\jre1.8.0_161\lib\ext\zipfs.jar;C:\Users\mtahs\wpilib\java\current\lib\cscore.jar;C:\Users\mtahs\wpilib\java\current\lib\cscore-sources.jar;C:\Users\mtahs\wpilib\java\current\lib\ntcore.jar;C:\Users\mtahs\wpilib\java\current\lib\ntcore-sources.jar;C:\Users\mtahs\wpilib\java\current\lib\WPILib.jar;C:\Users\mtahs\wpilib\java\current\lib\WPILib-sources.jar;C:\Users\mtahs\wpilib\java\current\lib\wpiutil.jar;C:\Users\mtahs\wpilib\java\current\lib\wpiutil-sources.jar;C:\Users\mtahs\Documents\NetworkTables\ntcore-java-4.0.0.jar;C:\Users\mtahs\Documents\NetworkTables\ntcore-jni-4.0.0-all.jar;C:\Users\mtahs\Documents\NetworkTables\wpiutil-java-3.0.0.jar;C:\Users\mtahs\eclipse-workspace\VisionDetect3.0\bin;C:\Users\mtahs\Documents\opencv\build\java\opencv-341.jar
Launcher Type: SUN_STANDARD

Environment Variables:
PATH=C:/Program Files/Java/jre1.8.0_161/bin/server;C:/Program Files/Java/jre1.8.0_161/bin;C:/Program Files/Java/jre1.8.0_161/lib/amd64;C:\Program Files (x86)\Common Files\Intel\Shared Libraries\redist\intel64\compiler;C:\ProgramData\Oracle\Java\javapath;C:\WINDOWS\system32;C:\WINDOWS;C:\WINDOWS\System32\Wbem;C:\WINDOWS\System32\WindowsPowerShell\v1.0\;C:\Users\mtahs\AppData\Local\Microsoft\WindowsApps;C:\Users\mtahs\AppData\Local\atom\bin;C:\Users\mtahs\OneDrive\Desktop;
USERNAME=mtahs
OS=Windows_NT
PROCESSOR_IDENTIFIER=Intel64 Family 6 Model 142 Stepping 10, GenuineIntel



---------------  S Y S T E M  ---------------

OS: Windows 10.0 , 64 bit Build 16299 (10.0.16299.15)

CPU:total 8 (initial active 8) (4 cores per cpu, 2 threads per core) family 6 model 142 stepping 10, cmov, cx8, fxsr, mmx, sse, sse2, sse3, ssse3, sse4.1, sse4.2, popcnt, avx, avx2, aes, clmul, erms, rtm, 3dnowpref, lzcnt, ht, tsc, tscinvbit, bmi1, bmi2, adx

Memory: 4k page, physical 8311748k(3472428k free), swap 9622468k(3439908k free)

vm_info: Java HotSpot(TM) 64-Bit Server VM (25.161-b12) for windows-amd64 JRE (1.8.0_161-b12), built on Dec 19 2017 17:52:25 by "java_re" with MS VC++ 10.0 (VS2010)

time: Fri Apr 27 15:50:46 2018
elapsed time: 43 seconds (0d 0h 0m 43s)

