#
# A fatal error has been detected by the Java Runtime Environment:
#
#  Internal Error (0xc000000d), pid=3564, tid=0x0000000000005014
#
# JRE version: Java(TM) SE Runtime Environment (8.0_161-b12) (build 1.8.0_161-b12)
# Java VM: Java HotSpot(TM) 64-Bit Server VM (25.161-b12 mixed mode windows-amd64 compressed oops)
# Problematic frame:
# C  [ntdll.dll+0x10b290]
#
# Failed to write core dump. Minidumps are not enabled by default on client versions of Windows
#
# If you would like to submit a bug report, please visit:
#   http://bugreport.java.com/bugreport/crash.jsp
#

---------------  T H R E A D  ---------------

Current thread (0x0000000019819800):  VMThread [stack: 0x000000001b4f0000,0x000000001b5f0000] [id=20500]

siginfo: ExceptionCode=0xc000000d

Registers:
RAX=0x00007ffbc62a16d0, RBX=0x0000000000000001, RCX=0x0000203b8afe96fe, RDX=0x00007ffbc62a16d0
RSP=0x000000001b5ee8b0, RBP=0x000000001ef7e7d0, RSI=0x000000001ef7ea08, RDI=0x000000001ef59bf0
R8 =0x000000006e924e7e, R9 =0x000000001b5ee7a0, R10=0x000000006e8f20da, R11=0x0000000000000000
R12=0x00007ffbb1ce6680, R13=0x0000000000000001, R14=0x000000001ef604b0, R15=0x000000001ef604b0
RIP=0x00007ffbc636b290, EFLAGS=0x0000000000000206

Top of Stack: (sp=0x000000001b5ee8b0)
0x000000001b5ee8b0:   0000000000000057 0000000000000001
0x000000001b5ee8c0:   000000001ef7ea08 000000001ef59bf0
0x000000001b5ee8d0:   00000000c000000d 0000000000000000
0x000000001b5ee8e0:   00007ffbc636b290 0000000000000000
0x000000001b5ee8f0:   0000000000000000 0000000000000000
0x000000001b5ee900:   0000000000000000 0000000000000000
0x000000001b5ee910:   0000000000000000 0000000000000000
0x000000001b5ee920:   0000000000000000 0000000000000000
0x000000001b5ee930:   0000000000000000 0000000000000000
0x000000001b5ee940:   0000000000000000 0000000000000000
0x000000001b5ee950:   0000000000000000 0000000000000000
0x000000001b5ee960:   0000000000000000 00007ffb00000000
0x000000001b5ee970:   0000203b8afe9cbe 000000001ef59bf0
0x000000001b5ee980:   000000001ef7ea08 00007ffbb1ce4907
0x000000001b5ee990:   000000001ef59bf0 000000001ef604b0
0x000000001b5ee9a0:   0000000000000000 00007ffbc32ce074 

Instructions: (pc=0x00007ffbc636b290)
0x00007ffbc636b270:   bc f9 ff c7 44 24 20 0d 00 00 c0 b9 57 00 00 00
0x00007ffbc636b280:   e8 0b 64 f3 ff 90 48 8d 4c 24 20 e8 50 01 f1 ff
0x00007ffbc636b290:   eb 00 48 8b 8c 24 c0 00 00 00 48 33 cc e8 2e 5c
0x00007ffbc636b2a0:   f8 ff 48 81 c4 d8 00 00 00 c3 40 55 48 83 ec 20 


Register to memory mapping:

RAX=0x00007ffbc62a16d0 is an unknown value
RBX=0x0000000000000001 is an unknown value
RCX=0x0000203b8afe96fe is an unknown value
RDX=0x00007ffbc62a16d0 is an unknown value
RSP=0x000000001b5ee8b0 is an unknown value
RBP=0x000000001ef7e7d0 is an unknown value
RSI=0x000000001ef7ea08 is an unknown value
RDI=0x000000001ef59bf0 is an unknown value
R8 =0x000000006e924e7e is an unknown value
R9 =0x000000001b5ee7a0 is an unknown value
R10=0x000000006e8f20da is an unknown value
R11=0x0000000000000000 is an unknown value
R12=0x00007ffbb1ce6680 is an unknown value
R13=0x0000000000000001 is an unknown value
R14=0x000000001ef604b0 is an unknown value
R15=0x000000001ef604b0 is an unknown value


Stack: [0x000000001b4f0000,0x000000001b5f0000],  sp=0x000000001b5ee8b0,  free space=1018k
Native frames: (J=compiled Java code, j=interpreted, Vv=VM code, C=native code)
C  [ntdll.dll+0x10b290]
C  [RTWorkQ.DLL+0x4907]
C  [RTWorkQ.DLL+0x9e49]
C  [RTWorkQ.DLL+0x7565]
C  [MFPlat.DLL+0x1d65b]
C  [MFReadWrite.dll+0x16348]
C  [MFReadWrite.dll+0xfb0d]
C  [MFReadWrite.dll+0xf863]
C  [mfksproxy.dll+0x19600]
C  [mfksproxy.dll+0x18199]
C  [mfksproxy.dll+0x6eeb]
C  [quartz.dll+0x42e19]
C  [quartz.dll+0x553ef]
C  [quartz.dll+0x57932]
C  [quartz.dll+0x56d75]
C  [opencv_java341.dll+0x1c5dcac]
C  [opencv_java341.dll+0x20dc6c0]
C  [opencv_java341.dll+0x2011eac]
C  [opencv_java341.dll+0x2011bf1]
C  [opencv_java341.dll+0x2011f99]
C  [opencv_java341.dll+0x200eefc]
C  [opencv_java341.dll+0x200ee65]
C  [opencv_java341.dll+0x200efff]
C  [opencv_java341.dll+0x1fc534b]
C  [opencv_java341.dll+0x1fc5032]
C  [opencv_java341.dll+0x1fc5128]
C  [ntdll.dll+0x11493]
C  [ntdll.dll+0x40755]
C  [ntdll.dll+0x40614]
C  [KERNEL32.DLL+0xf06a]
C  [msvcr100.dll+0x20ccd]
V  [jvm.dll+0x212e95]
V  [jvm.dll+0x24c227]
V  [jvm.dll+0x24b4c6]
V  [jvm.dll+0x24b961]
V  [jvm.dll+0x24bb7e]
V  [jvm.dll+0x29cc4a]
C  [msvcr100.dll+0x21d9f]
C  [msvcr100.dll+0x21e3b]
C  [KERNEL32.DLL+0x11fe4]
C  [ntdll.dll+0x6f061]

VM_Operation (0x000000001eafd100): Exit, mode: safepoint, requested by thread 0x000000001c8ef000


---------------  P R O C E S S  ---------------

Java Threads: ( => current thread )
  0x00000000209a2800 JavaThread "TimerQueue" daemon [_thread_blocked, id=17808, stack(0x0000000028aa0000,0x0000000028ba0000)]
  0x000000001c8ef000 JavaThread "AWT-EventQueue-0" [_thread_blocked, id=6676, stack(0x000000001ea00000,0x000000001eb00000)]
  0x000000001c88e000 JavaThread "AWT-Shutdown" [_thread_blocked, id=14832, stack(0x000000001d110000,0x000000001d210000)]
  0x000000001c8dc000 JavaThread "Java2D Disposer" daemon [_thread_blocked, id=4352, stack(0x000000001cf20000,0x000000001d020000)]
  0x000000001b7bd000 JavaThread "Service Thread" daemon [_thread_blocked, id=2780, stack(0x000000001c3e0000,0x000000001c4e0000)]
  0x000000001b726800 JavaThread "C1 CompilerThread3" daemon [_thread_blocked, id=18616, stack(0x000000001c2e0000,0x000000001c3e0000)]
  0x000000001b71e000 JavaThread "C2 CompilerThread2" daemon [_thread_blocked, id=1924, stack(0x000000001c1e0000,0x000000001c2e0000)]
  0x000000001b71c000 JavaThread "C2 CompilerThread1" daemon [_thread_blocked, id=32, stack(0x000000001c0e0000,0x000000001c1e0000)]
  0x000000001b71a000 JavaThread "C2 CompilerThread0" daemon [_thread_blocked, id=10780, stack(0x000000001bfe0000,0x000000001c0e0000)]
  0x000000001b718000 JavaThread "Attach Listener" daemon [_thread_blocked, id=20876, stack(0x000000001bee0000,0x000000001bfe0000)]
  0x000000001b717000 JavaThread "Signal Dispatcher" daemon [_thread_blocked, id=2680, stack(0x000000001bde0000,0x000000001bee0000)]
  0x000000001b710800 JavaThread "Finalizer" daemon [_thread_blocked, id=14728, stack(0x000000001baf0000,0x000000001bbf0000)]
  0x0000000004849000 JavaThread "Reference Handler" daemon [_thread_blocked, id=1372, stack(0x000000001b5f0000,0x000000001b6f0000)]
  0x000000000474e000 JavaThread "main" [_thread_blocked, id=17220, stack(0x00000000045a0000,0x00000000046a0000)]

Other Threads:
=>0x0000000019819800 VMThread [stack: 0x000000001b4f0000,0x000000001b5f0000] [id=20500]

VM state:at safepoint (shutting down)

VM Mutex/Monitor currently owned by a thread:  ([mutex/lock_event])
[0x000000000474d780] Threads_lock - owner thread: 0x0000000019819800

Heap:
 PSYoungGen      total 34816K, used 10147K [0x00000000d5b80000, 0x00000000d8500000, 0x0000000100000000)
  eden space 28160K, 21% used [0x00000000d5b80000,0x00000000d6151de0,0x00000000d7700000)
  from space 6656K, 62% used [0x00000000d7e80000,0x00000000d8297050,0x00000000d8500000)
  to   space 7168K, 0% used [0x00000000d7700000,0x00000000d7700000,0x00000000d7e00000)
 ParOldGen       total 81408K, used 81280K [0x0000000081200000, 0x0000000086180000, 0x00000000d5b80000)
  object space 81408K, 99% used [0x0000000081200000,0x0000000086160008,0x0000000086180000)
 Metaspace       used 11350K, capacity 11522K, committed 11648K, reserved 1058816K
  class space    used 1249K, capacity 1326K, committed 1408K, reserved 1048576K

Card table byte_map: [0x0000000013c10000,0x0000000014010000] byte_map_base: 0x0000000013807000

Marking Bits: (ParMarkBitMap*) 0x000000006f38f860
 Begin Bits: [0x0000000014ac0000, 0x0000000016a78000)
 End Bits:   [0x0000000016a78000, 0x0000000018a30000)

Polling page: 0x0000000002bb0000

CodeCache: size=245760Kb used=6222Kb max_used=6297Kb free=239537Kb
 bounds [0x0000000004850000, 0x0000000004ea0000, 0x0000000013850000]
 total_blobs=2355 nmethods=1674 adapters=593
 compilation: enabled

Compilation events (10 events):
Event: 38.976 Thread 0x000000001b71c000 1778       4       javax.swing.SwingUtilities::findDisplayedMnemonicIndex (69 bytes)
Event: 38.977 Thread 0x000000001b71c000 nmethod 1778 0x0000000004e44b50 code [0x0000000004e44c80, 0x0000000004e44cf8]
Event: 39.008 Thread 0x000000001b71a000 1779       4       javax.swing.JLabel::setText (107 bytes)
Event: 39.078 Thread 0x000000001b71a000 nmethod 1779 0x0000000004e916d0 code [0x0000000004e91ba0, 0x0000000004e94950]
Event: 39.205 Thread 0x000000001b71e000 1780       4       java.util.concurrent.locks.ReentrantLock$NonfairSync::lock (25 bytes)
Event: 39.206 Thread 0x000000001b71e000 nmethod 1780 0x00000000049f0d90 code [0x00000000049f0ee0, 0x00000000049f0fa8]
Event: 40.676 Thread 0x000000001b71c000 1781       4       org.opencv.core.Mat::rows (10 bytes)
Event: 40.676 Thread 0x000000001b71c000 nmethod 1781 0x0000000004a54f50 code [0x0000000004a550a0, 0x0000000004a55128]
Event: 40.852 Thread 0x000000001b71a000 1782       4       sun.awt.EventQueueDelegate::getDelegate (13 bytes)
Event: 40.855 Thread 0x000000001b71a000 nmethod 1782 0x0000000004a1ad10 code [0x0000000004a1ae60, 0x0000000004a1afa8]

GC Heap History (10 events):
Event: 39.977 GC heap before
{Heap before GC invocations=92 (full 2):
 PSYoungGen      total 34816K, used 34704K [0x00000000d5b80000, 0x00000000d8780000, 0x0000000100000000)
  eden space 30720K, 100% used [0x00000000d5b80000,0x00000000d7980000,0x00000000d7980000)
  from space 4096K, 97% used [0x00000000d7a00000,0x00000000d7de4060,0x00000000d7e00000)
  to   space 7168K, 0% used [0x00000000d8080000,0x00000000d8080000,0x00000000d8780000)
 ParOldGen       total 81408K, used 81160K [0x0000000081200000, 0x0000000086180000, 0x00000000d5b80000)
  object space 81408K, 99% used [0x0000000081200000,0x0000000086142008,0x0000000086180000)
 Metaspace       used 11348K, capacity 11522K, committed 11648K, reserved 1058816K
  class space    used 1249K, capacity 1326K, committed 1408K, reserved 1048576K
Event: 39.979 GC heap after
Heap after GC invocations=92 (full 2):
 PSYoungGen      total 36864K, used 512K [0x00000000d5b80000, 0x00000000d8700000, 0x0000000100000000)
  eden space 30208K, 0% used [0x00000000d5b80000,0x00000000d5b80000,0x00000000d7900000)
  from space 6656K, 7% used [0x00000000d8080000,0x00000000d8100000,0x00000000d8700000)
  to   space 7168K, 0% used [0x00000000d7900000,0x00000000d7900000,0x00000000d8000000)
 ParOldGen       total 81408K, used 81192K [0x0000000081200000, 0x0000000086180000, 0x00000000d5b80000)
  object space 81408K, 99% used [0x0000000081200000,0x000000008614a008,0x0000000086180000)
 Metaspace       used 11348K, capacity 11522K, committed 11648K, reserved 1058816K
  class space    used 1249K, capacity 1326K, committed 1408K, reserved 1048576K
}
Event: 40.378 GC heap before
{Heap before GC invocations=93 (full 2):
 PSYoungGen      total 36864K, used 30056K [0x00000000d5b80000, 0x00000000d8700000, 0x0000000100000000)
  eden space 30208K, 97% used [0x00000000d5b80000,0x00000000d785a378,0x00000000d7900000)
  from space 6656K, 7% used [0x00000000d8080000,0x00000000d8100000,0x00000000d8700000)
  to   space 7168K, 0% used [0x00000000d7900000,0x00000000d7900000,0x00000000d8000000)
 ParOldGen       total 81408K, used 81192K [0x0000000081200000, 0x0000000086180000, 0x00000000d5b80000)
  object space 81408K, 99% used [0x0000000081200000,0x000000008614a008,0x0000000086180000)
 Metaspace       used 11348K, capacity 11522K, committed 11648K, reserved 1058816K
  class space    used 1249K, capacity 1326K, committed 1408K, reserved 1048576K
Event: 40.380 GC heap after
Heap after GC invocations=93 (full 2):
 PSYoungGen      total 34304K, used 4316K [0x00000000d5b80000, 0x00000000d8680000, 0x0000000100000000)
  eden space 29696K, 0% used [0x00000000d5b80000,0x00000000d5b80000,0x00000000d7880000)
  from space 4608K, 93% used [0x00000000d7900000,0x00000000d7d37050,0x00000000d7d80000)
  to   space 7168K, 0% used [0x00000000d7f80000,0x00000000d7f80000,0x00000000d8680000)
 ParOldGen       total 81408K, used 81208K [0x0000000081200000, 0x0000000086180000, 0x00000000d5b80000)
  object space 81408K, 99% used [0x0000000081200000,0x000000008614e008,0x0000000086180000)
 Metaspace       used 11348K, capacity 11522K, committed 11648K, reserved 1058816K
  class space    used 1249K, capacity 1326K, committed 1408K, reserved 1048576K
}
Event: 40.785 GC heap before
{Heap before GC invocations=94 (full 2):
 PSYoungGen      total 34304K, used 33838K [0x00000000d5b80000, 0x00000000d8680000, 0x0000000100000000)
  eden space 29696K, 99% used [0x00000000d5b80000,0x00000000d7854820,0x00000000d7880000)
  from space 4608K, 93% used [0x00000000d7900000,0x00000000d7d37050,0x00000000d7d80000)
  to   space 7168K, 0% used [0x00000000d7f80000,0x00000000d7f80000,0x00000000d8680000)
 ParOldGen       total 81408K, used 81208K [0x0000000081200000, 0x0000000086180000, 0x00000000d5b80000)
  object space 81408K, 99% used [0x0000000081200000,0x000000008614e008,0x0000000086180000)
 Metaspace       used 11348K, capacity 11522K, committed 11648K, reserved 1058816K
  class space    used 1249K, capacity 1326K, committed 1408K, reserved 1048576K
Event: 40.788 GC heap after
Heap after GC invocations=94 (full 2):
 PSYoungGen      total 36352K, used 4916K [0x00000000d5b80000, 0x00000000d8700000, 0x0000000100000000)
  eden space 29184K, 0% used [0x00000000d5b80000,0x00000000d5b80000,0x00000000d7800000)
  from space 7168K, 68% used [0x00000000d7f80000,0x00000000d844d070,0x00000000d8680000)
  to   space 7680K, 0% used [0x00000000d7800000,0x00000000d7800000,0x00000000d7f80000)
 ParOldGen       total 81408K, used 81232K [0x0000000081200000, 0x0000000086180000, 0x00000000d5b80000)
  object space 81408K, 99% used [0x0000000081200000,0x0000000086154008,0x0000000086180000)
 Metaspace       used 11348K, capacity 11522K, committed 11648K, reserved 1058816K
  class space    used 1249K, capacity 1326K, committed 1408K, reserved 1048576K
}
Event: 41.179 GC heap before
{Heap before GC invocations=95 (full 2):
 PSYoungGen      total 36352K, used 33498K [0x00000000d5b80000, 0x00000000d8700000, 0x0000000100000000)
  eden space 29184K, 97% used [0x00000000d5b80000,0x00000000d77699b0,0x00000000d7800000)
  from space 7168K, 68% used [0x00000000d7f80000,0x00000000d844d070,0x00000000d8680000)
  to   space 7680K, 0% used [0x00000000d7800000,0x00000000d7800000,0x00000000d7f80000)
 ParOldGen       total 81408K, used 81232K [0x0000000081200000, 0x0000000086180000, 0x00000000d5b80000)
  object space 81408K, 99% used [0x0000000081200000,0x0000000086154008,0x0000000086180000)
 Metaspace       used 11349K, capacity 11522K, committed 11648K, reserved 1058816K
  class space    used 1249K, capacity 1326K, committed 1408K, reserved 1048576K
Event: 41.181 GC heap after
Heap after GC invocations=95 (full 2):
 PSYoungGen      total 32768K, used 4016K [0x00000000d5b80000, 0x00000000d8580000, 0x0000000100000000)
  eden space 28672K, 0% used [0x00000000d5b80000,0x00000000d5b80000,0x00000000d7780000)
  from space 4096K, 98% used [0x00000000d7800000,0x00000000d7bec060,0x00000000d7c00000)
  to   space 7168K, 0% used [0x00000000d7e80000,0x00000000d7e80000,0x00000000d8580000)
 ParOldGen       total 81408K, used 81256K [0x0000000081200000, 0x0000000086180000, 0x00000000d5b80000)
  object space 81408K, 99% used [0x0000000081200000,0x000000008615a008,0x0000000086180000)
 Metaspace       used 11349K, capacity 11522K, committed 11648K, reserved 1058816K
  class space    used 1249K, capacity 1326K, committed 1408K, reserved 1048576K
}
Event: 41.555 GC heap before
{Heap before GC invocations=96 (full 2):
 PSYoungGen      total 32768K, used 32247K [0x00000000d5b80000, 0x00000000d8580000, 0x0000000100000000)
  eden space 28672K, 98% used [0x00000000d5b80000,0x00000000d7711f48,0x00000000d7780000)
  from space 4096K, 98% used [0x00000000d7800000,0x00000000d7bec060,0x00000000d7c00000)
  to   space 7168K, 0% used [0x00000000d7e80000,0x00000000d7e80000,0x00000000d8580000)
 ParOldGen       total 81408K, used 81256K [0x0000000081200000, 0x0000000086180000, 0x00000000d5b80000)
  object space 81408K, 99% used [0x0000000081200000,0x000000008615a008,0x0000000086180000)
 Metaspace       used 11350K, capacity 11522K, committed 11648K, reserved 1058816K
  class space    used 1249K, capacity 1326K, committed 1408K, reserved 1048576K
Event: 41.559 GC heap after
Heap after GC invocations=96 (full 2):
 PSYoungGen      total 34816K, used 4188K [0x00000000d5b80000, 0x00000000d8500000, 0x0000000100000000)
  eden space 28160K, 0% used [0x00000000d5b80000,0x00000000d5b80000,0x00000000d7700000)
  from space 6656K, 62% used [0x00000000d7e80000,0x00000000d8297050,0x00000000d8500000)
  to   space 7168K, 0% used [0x00000000d7700000,0x00000000d7700000,0x00000000d7e00000)
 ParOldGen       total 81408K, used 81280K [0x0000000081200000, 0x0000000086180000, 0x00000000d5b80000)
  object space 81408K, 99% used [0x0000000081200000,0x0000000086160008,0x0000000086180000)
 Metaspace       used 11350K, capacity 11522K, committed 11648K, reserved 1058816K
  class space    used 1249K, capacity 1326K, committed 1408K, reserved 1048576K
}

Deoptimization events (10 events):
Event: 6.901 Thread 0x000000000474e000 Uncommon trap: reason=unstable_if action=reinterpret pc=0x0000000004d2627c method=java.util.ArrayList.remove(I)Ljava/lang/Object; @ 31
Event: 7.445 Thread 0x000000001c8ef000 Uncommon trap: reason=unstable_if action=reinterpret pc=0x0000000004d2cf10 method=java.util.concurrent.locks.AbstractQueuedSynchronizer.release(I)Z @ 14
Event: 7.445 Thread 0x000000001c8ef000 Uncommon trap: reason=unstable_if action=reinterpret pc=0x0000000004ce1100 method=java.util.concurrent.locks.ReentrantLock$Sync.tryRelease(I)Z @ 28
Event: 15.750 Thread 0x000000001b710800 Uncommon trap: reason=bimorphic action=maybe_recompile pc=0x0000000004da8b98 method=java.lang.System$2.invokeFinalize(Ljava/lang/Object;)V @ 1
Event: 15.753 Thread 0x000000001b710800 Uncommon trap: reason=bimorphic action=maybe_recompile pc=0x0000000004da8b98 method=java.lang.System$2.invokeFinalize(Ljava/lang/Object;)V @ 1
Event: 15.753 Thread 0x000000001b710800 Uncommon trap: reason=bimorphic action=maybe_recompile pc=0x0000000004da8b98 method=java.lang.System$2.invokeFinalize(Ljava/lang/Object;)V @ 1
Event: 15.753 Thread 0x000000001b710800 Uncommon trap: reason=bimorphic action=maybe_recompile pc=0x0000000004da8b98 method=java.lang.System$2.invokeFinalize(Ljava/lang/Object;)V @ 1
Event: 41.514 Thread 0x000000001c8ef000 Uncommon trap: reason=unstable_if action=reinterpret pc=0x0000000004989298 method=java.util.IdentityHashMap.keySet()Ljava/util/Set; @ 6
Event: 41.550 Thread 0x000000000474e000 Uncommon trap: reason=unstable_if action=reinterpret pc=0x0000000004e93d64 method=java.util.concurrent.atomic.AtomicBoolean.get()Z @ 4
Event: 41.586 Thread 0x000000000474e000 Uncommon trap: reason=unstable_if action=reinterpret pc=0x0000000004e70b30 method=java.util.concurrent.atomic.AtomicBoolean.get()Z @ 4

Classes redefined (0 events):
No events

Internal exceptions (10 events):
Event: 0.040 Thread 0x000000000474e000 Exception <a 'java/lang/NoSuchMethodError': Method sun.misc.Unsafe.prefetchRead(Ljava/lang/Object;J)V name or signature does not match> (0x00000000d5b87f88) thrown at [C:\re\workspace\8-2-build-windows-amd64-cygwin\jdk8u161\10277\hotspot\src\share\vm\prim
Event: 0.169 Thread 0x000000000474e000 Exception <a 'java/security/PrivilegedActionException'> (0x00000000d5d5c768) thrown at [C:\re\workspace\8-2-build-windows-amd64-cygwin\jdk8u161\10277\hotspot\src\share\vm\prims\jvm.cpp, line 1390]
Event: 0.169 Thread 0x000000000474e000 Exception <a 'java/security/PrivilegedActionException'> (0x00000000d5d5c978) thrown at [C:\re\workspace\8-2-build-windows-amd64-cygwin\jdk8u161\10277\hotspot\src\share\vm\prims\jvm.cpp, line 1390]
Event: 0.170 Thread 0x000000000474e000 Exception <a 'java/security/PrivilegedActionException'> (0x00000000d5d606c0) thrown at [C:\re\workspace\8-2-build-windows-amd64-cygwin\jdk8u161\10277\hotspot\src\share\vm\prims\jvm.cpp, line 1390]
Event: 0.170 Thread 0x000000000474e000 Exception <a 'java/security/PrivilegedActionException'> (0x00000000d5d608d0) thrown at [C:\re\workspace\8-2-build-windows-amd64-cygwin\jdk8u161\10277\hotspot\src\share\vm\prims\jvm.cpp, line 1390]
Event: 0.174 Thread 0x000000000474e000 Exception <a 'java/io/FileNotFoundException'> (0x00000000d5d62cf8) thrown at [C:\re\workspace\8-2-build-windows-amd64-cygwin\jdk8u161\10277\hotspot\src\share\vm\prims\jni.cpp, line 709]
Event: 0.210 Thread 0x000000000474e000 Exception <a 'java/lang/NoSuchFieldError': method resolution failed> (0x00000000d5e333e8) thrown at [C:\re\workspace\8-2-build-windows-amd64-cygwin\jdk8u161\10277\hotspot\src\share\vm\prims\methodHandles.cpp, line 1167]
Event: 0.211 Thread 0x000000000474e000 Exception <a 'java/lang/NoSuchFieldError': method resolution failed> (0x00000000d5e407b8) thrown at [C:\re\workspace\8-2-build-windows-amd64-cygwin\jdk8u161\10277\hotspot\src\share\vm\prims\methodHandles.cpp, line 1167]
Event: 0.259 Thread 0x000000000474e000 Exception <a 'java/io/FileNotFoundException'> (0x00000000d5ed8660) thrown at [C:\re\workspace\8-2-build-windows-amd64-cygwin\jdk8u161\10277\hotspot\src\share\vm\prims\jni.cpp, line 709]
Event: 7.445 Thread 0x000000001c8ef000 Implicit null exception at 0x0000000004d2ce07 to 0x0000000004d2cefe

Events (10 events):
Event: 41.550 Thread 0x000000000474e000 Uncommon trap: trap_request=0xffffff65 fr.pc=0x0000000004e93d64
Event: 41.550 Thread 0x000000000474e000 DEOPT PACKING pc=0x0000000004e93d64 sp=0x000000000469ee50
Event: 41.550 Thread 0x000000000474e000 DEOPT UNPACKING pc=0x000000000489583b sp=0x000000000469ed30 mode 2
Event: 41.555 Executing VM operation: ParallelGCFailedAllocation
Event: 41.559 Executing VM operation: ParallelGCFailedAllocation done
Event: 41.586 Thread 0x000000000474e000 Uncommon trap: trap_request=0xffffff65 fr.pc=0x0000000004e70b30
Event: 41.586 Thread 0x000000000474e000 DEOPT PACKING pc=0x0000000004e70b30 sp=0x000000000469f070
Event: 41.586 Thread 0x000000000474e000 DEOPT UNPACKING pc=0x000000000489583b sp=0x000000000469ef00 mode 2
Event: 41.616 Thread 0x00000000212b0800 Thread exited: 0x00000000212b0800
Event: 41.618 Executing VM operation: Exit


Dynamic libraries:
0x00007ff7ba180000 - 0x00007ff7ba1b7000 	C:\Program Files\Java\jre1.8.0_161\bin\javaw.exe
0x00007ffbc6260000 - 0x00007ffbc6440000 	C:\WINDOWS\SYSTEM32\ntdll.dll
0x00007ffba6d50000 - 0x00007ffba6d84000 	C:\Program Files\AVAST Software\Avast\x64\aswhooka.dll
0x00007ffbc5f40000 - 0x00007ffbc5fee000 	C:\WINDOWS\System32\KERNEL32.DLL
0x00007ffbc3270000 - 0x00007ffbc34d6000 	C:\WINDOWS\System32\KERNELBASE.dll
0x00007ffbc3bb0000 - 0x00007ffbc3c51000 	C:\WINDOWS\System32\ADVAPI32.dll
0x00007ffbc3ce0000 - 0x00007ffbc3d7d000 	C:\WINDOWS\System32\msvcrt.dll
0x00007ffbc37f0000 - 0x00007ffbc384b000 	C:\WINDOWS\System32\sechost.dll
0x00007ffbc5e20000 - 0x00007ffbc5f3f000 	C:\WINDOWS\System32\RPCRT4.dll
0x00007ffbc5220000 - 0x00007ffbc53af000 	C:\WINDOWS\System32\USER32.dll
0x00007ffbc27c0000 - 0x00007ffbc27e0000 	C:\WINDOWS\System32\win32u.dll
0x00007ffbc6060000 - 0x00007ffbc6088000 	C:\WINDOWS\System32\GDI32.dll
0x00007ffbc3590000 - 0x00007ffbc3723000 	C:\WINDOWS\System32\gdi32full.dll
0x00007ffbc27e0000 - 0x00007ffbc287b000 	C:\WINDOWS\System32\msvcp_win.dll
0x00007ffbc2660000 - 0x00007ffbc2756000 	C:\WINDOWS\System32\ucrtbase.dll
0x00007ffbb5220000 - 0x00007ffbb5489000 	C:\WINDOWS\WinSxS\amd64_microsoft.windows.common-controls_6595b64144ccf1df_6.0.16299.371_none_15c7d1789365a290\COMCTL32.dll
0x00007ffbc5b10000 - 0x00007ffbc5e18000 	C:\WINDOWS\System32\combase.dll
0x00007ffbc31f0000 - 0x00007ffbc3262000 	C:\WINDOWS\System32\bcryptPrimitives.dll
0x00007ffbc3b20000 - 0x00007ffbc3b4d000 	C:\WINDOWS\System32\IMM32.DLL
0x000000006e8d0000 - 0x000000006e9a2000 	C:\Program Files\Java\jre1.8.0_161\bin\msvcr100.dll
0x000000006eb70000 - 0x000000006f40f000 	C:\Program Files\Java\jre1.8.0_161\bin\server\jvm.dll
0x00007ffbc3a70000 - 0x00007ffbc3a78000 	C:\WINDOWS\System32\PSAPI.DLL
0x00007ffbb5fe0000 - 0x00007ffbb5fe9000 	C:\WINDOWS\SYSTEM32\WSOCK32.dll
0x00007ffbc5ff0000 - 0x00007ffbc605c000 	C:\WINDOWS\System32\WS2_32.dll
0x00007ffbb9260000 - 0x00007ffbb9283000 	C:\WINDOWS\SYSTEM32\WINMM.dll
0x00007ffbb2ad0000 - 0x00007ffbb2ada000 	C:\WINDOWS\SYSTEM32\VERSION.dll
0x00007ffbb9130000 - 0x00007ffbb915a000 	C:\WINDOWS\SYSTEM32\WINMMBASE.dll
0x00007ffbc2a50000 - 0x00007ffbc2a9a000 	C:\WINDOWS\System32\cfgmgr32.dll
0x0000000070850000 - 0x000000007085f000 	C:\Program Files\Java\jre1.8.0_161\bin\verify.dll
0x0000000070820000 - 0x0000000070849000 	C:\Program Files\Java\jre1.8.0_161\bin\java.dll
0x0000000070800000 - 0x0000000070816000 	C:\Program Files\Java\jre1.8.0_161\bin\zip.dll
0x00007ffbc3de0000 - 0x00007ffbc5216000 	C:\WINDOWS\System32\SHELL32.dll
0x00007ffbc3730000 - 0x00007ffbc37d6000 	C:\WINDOWS\System32\shcore.dll
0x00007ffbc2aa0000 - 0x00007ffbc31e7000 	C:\WINDOWS\System32\windows.storage.dll
0x00007ffbc3c60000 - 0x00007ffbc3cb1000 	C:\WINDOWS\System32\shlwapi.dll
0x00007ffbc2620000 - 0x00007ffbc2631000 	C:\WINDOWS\System32\kernel.appcore.dll
0x00007ffbc25d0000 - 0x00007ffbc261c000 	C:\WINDOWS\System32\powrprof.dll
0x00007ffbc2640000 - 0x00007ffbc265b000 	C:\WINDOWS\System32\profapi.dll
0x00007ffb7c280000 - 0x00007ffb7ef52000 	C:\Users\mtahs\Documents\opencv\build\java\x64\opencv_java341.dll
0x00007ffbc3920000 - 0x00007ffbc3a69000 	C:\WINDOWS\System32\ole32.dll
0x00007ffbc3850000 - 0x00007ffbc3915000 	C:\WINDOWS\System32\OLEAUT32.dll
0x00007ffbbeb50000 - 0x00007ffbbeb79000 	C:\WINDOWS\SYSTEM32\MSVFW32.dll
0x00007ffbbe7b0000 - 0x00007ffbbe7cf000 	C:\WINDOWS\SYSTEM32\AVIFIL32.dll
0x00007ffbbe720000 - 0x00007ffbbe738000 	C:\WINDOWS\SYSTEM32\AVICAP32.dll
0x00007ffbbcb50000 - 0x00007ffbbcb6c000 	C:\WINDOWS\SYSTEM32\MSACM32.dll
0x000000006e730000 - 0x000000006e8c8000 	C:\Program Files\Java\jre1.8.0_161\bin\awt.dll
0x00007ffbc0370000 - 0x00007ffbc03f8000 	C:\WINDOWS\SYSTEM32\apphelp.dll
0x00007ffbc0c20000 - 0x00007ffbc0c4a000 	C:\WINDOWS\system32\DWMAPI.DLL
0x00007ffbc0800000 - 0x00007ffbc0895000 	C:\WINDOWS\system32\uxtheme.dll
0x00007ffbaa1e0000 - 0x00007ffbaa2fe000 	C:\WINDOWS\system32\opengl32.dll
0x00007ffbbc3e0000 - 0x00007ffbbc40c000 	C:\WINDOWS\SYSTEM32\GLU32.dll
0x00007ffbc5810000 - 0x00007ffbc5977000 	C:\WINDOWS\System32\MSCTF.dll
0x00007ffba0880000 - 0x00007ffba0929000 	C:\Program Files\Common Files\microsoft shared\ink\tiptsf.dll
0x0000000070720000 - 0x0000000070767000 	C:\Program Files\Java\jre1.8.0_161\bin\fontmanager.dll
0x00007ffbb91c0000 - 0x00007ffbb9258000 	C:\WINDOWS\System32\TextInputFramework.dll
0x00007ffbb8510000 - 0x00007ffbb87fe000 	C:\WINDOWS\System32\CoreUIComponents.dll
0x00007ffbbf370000 - 0x00007ffbbf44c000 	C:\WINDOWS\System32\CoreMessaging.dll
0x00007ffbc16e0000 - 0x00007ffbc1711000 	C:\WINDOWS\SYSTEM32\ntmarta.dll
0x00007ffbbea00000 - 0x00007ffbbeb36000 	C:\WINDOWS\SYSTEM32\wintypes.dll
0x00007ffbc3a80000 - 0x00007ffbc3b1e000 	C:\WINDOWS\System32\clbcatq.dll
0x00007ffbb7030000 - 0x00007ffbb7236000 	C:\Windows\System32\uiautomationcore.dll
0x00007ffbc2410000 - 0x00007ffbc24aa000 	C:\WINDOWS\SYSTEM32\sxs.dll
0x00007ffbbe040000 - 0x00007ffbbe0ae000 	C:\Windows\System32\OLEACC.dll
0x00007ffbb8800000 - 0x00007ffbb8881000 	C:\WINDOWS\SYSTEM32\twinapi.dll
0x00007ffbc0aa0000 - 0x00007ffbc0c1b000 	C:\WINDOWS\SYSTEM32\twinapi.appcore.dll
0x00007ffbc0d10000 - 0x00007ffbc0d30000 	C:\WINDOWS\SYSTEM32\RMCLIENT.dll
0x00007ffbc2110000 - 0x00007ffbc2135000 	C:\WINDOWS\SYSTEM32\bcrypt.dll
0x00007ffbbc910000 - 0x00007ffbbc928000 	C:\Windows\System32\devenum.dll
0x00007ffbc53b0000 - 0x00007ffbc57fe000 	C:\WINDOWS\System32\setupapi.dll
0x00007ffbc23c0000 - 0x00007ffbc23e7000 	C:\WINDOWS\SYSTEM32\DEVOBJ.dll
0x00007ffbc2760000 - 0x00007ffbc27b8000 	C:\WINDOWS\System32\WINTRUST.dll
0x00007ffbc25b0000 - 0x00007ffbc25c2000 	C:\WINDOWS\System32\MSASN1.dll
0x00007ffbc2880000 - 0x00007ffbc2a4e000 	C:\WINDOWS\System32\CRYPT32.dll
0x00000000707e0000 - 0x00000000707fa000 	C:\Program Files\Java\jre1.8.0_161\bin\net.dll
0x00007ffbbe610000 - 0x00007ffbbe61a000 	C:\WINDOWS\SYSTEM32\msdmo.dll
0x00007ffbc1e40000 - 0x00007ffbc1ea6000 	C:\WINDOWS\system32\mswsock.dll
0x00000000707c0000 - 0x00000000707d1000 	C:\Program Files\Java\jre1.8.0_161\bin\nio.dll
0x00007ffbbc3a0000 - 0x00007ffbbc3d3000 	C:\Windows\System32\qcap.dll
0x00007ffba20b0000 - 0x00007ffba226c000 	C:\Windows\System32\quartz.dll
0x000000006f840000 - 0x000000006f882000 	C:\Program Files\Java\jre1.8.0_161\bin\t2k.dll
0x00007ffbbc350000 - 0x00007ffbbc39e000 	C:\Windows\System32\mfksproxy.dll
0x00007ffba62c0000 - 0x00007ffba62dd000 	C:\Windows\System32\ATL.DLL
0x00007ffbb2d80000 - 0x00007ffbb2db6000 	C:\Windows\System32\MFSENSORGROUP.dll
0x00007ffbaec60000 - 0x00007ffbaee13000 	C:\Windows\System32\MFPlat.DLL
0x00007ffbb1ce0000 - 0x00007ffbb1d11000 	C:\Windows\System32\RTWorkQ.DLL
0x00007ffba4bd0000 - 0x00007ffba5017000 	C:\Windows\System32\MFCORE.dll
0x00007ffbbd5e0000 - 0x00007ffbbd5e9000 	C:\Windows\System32\ksuser.dll
0x00007ffbc2020000 - 0x00007ffbc202b000 	C:\Windows\System32\CRYPTBASE.DLL
0x00007ffbbc300000 - 0x00007ffbbc350000 	C:\Windows\System32\FSClient.dll
0x00007ffbc13c0000 - 0x00007ffbc146f000 	C:\Windows\System32\dxgi.dll
0x00007ffbbf450000 - 0x00007ffbbf732000 	C:\Windows\System32\d3d11.dll
0x00007ffbbe550000 - 0x00007ffbbe55a000 	C:\Windows\System32\AVRT.dll
0x00007ffbc0a60000 - 0x00007ffbc0a6c000 	C:\Windows\System32\vidcap.ax
0x00007ffbbc150000 - 0x00007ffbbc176000 	C:\Windows\System32\kswdmcap.ax
0x00007ffba6800000 - 0x00007ffba6965000 	C:\Windows\System32\MFC42.dll
0x00007ffb95830000 - 0x00007ffb95da3000 	C:\WINDOWS\system32\IntelCameraPlugin64.dll
0x00007ffbbdb50000 - 0x00007ffbbdbca000 	C:\WINDOWS\SYSTEM32\policymanager.dll
0x00007ffbbd5f0000 - 0x00007ffbbd680000 	C:\Windows\System32\msvcp110_win.dll
0x00007ffba1880000 - 0x00007ffba198a000 	C:\Windows\System32\MFReadWrite.dll
0x00007ffba4670000 - 0x00007ffba4710000 	C:\Windows\System32\qedit.dll
0x00007ffbc5980000 - 0x00007ffbc5a8a000 	C:\WINDOWS\System32\COMDLG32.dll
0x00007ffbbc930000 - 0x00007ffbbcacc000 	C:\WINDOWS\WinSxS\amd64_microsoft.windows.gdiplus_6595b64144ccf1df_1.1.16299.371_none_46b2c45dedf81c5e\gdiplus.dll
0x00007ffb9b4e0000 - 0x00007ffb9b5d6000 	C:\Windows\System32\DDRAW.dll
0x00007ffbb5f70000 - 0x00007ffbb5f78000 	C:\Windows\System32\DCIMAN32.dll
0x00007ffbbec20000 - 0x00007ffbbec2c000 	C:\WINDOWS\SYSTEM32\msyuv.dll
0x00007ffbc2000000 - 0x00007ffbc2017000 	C:\WINDOWS\SYSTEM32\CRYPTSP.dll
0x00007ffbc1a40000 - 0x00007ffbc1a73000 	C:\WINDOWS\system32\rsaenh.dll
0x00007ffbc24e0000 - 0x00007ffbc2509000 	C:\WINDOWS\SYSTEM32\USERENV.dll
0x00007ffbc1bd0000 - 0x00007ffbc1c09000 	C:\WINDOWS\SYSTEM32\IPHLPAPI.DLL
0x00007ffbc37e0000 - 0x00007ffbc37e8000 	C:\WINDOWS\System32\NSI.dll
0x00007ffbbcfc0000 - 0x00007ffbbcfd6000 	C:\WINDOWS\SYSTEM32\dhcpcsvc6.DLL
0x00007ffbbcf60000 - 0x00007ffbbcf7a000 	C:\WINDOWS\SYSTEM32\dhcpcsvc.DLL
0x00007ffba1fc0000 - 0x00007ffba20a9000 	C:\Users\mtahs\AppData\Local\Temp\NetworkTablesJNI7230704512355623256.dll
0x00007ffbc1090000 - 0x00007ffbc1258000 	C:\WINDOWS\SYSTEM32\dbghelp.dll

VM Arguments:
jvm_args: -Djava.library.path=C:\Users\mtahs\Documents\opencv\build\java\x64 -Dfile.encoding=Cp1252 
java_command: src.com.crimsonsight.Main
java_class_path (initial): C:\Program Files\Java\jre1.8.0_161\lib\resources.jar;C:\Program Files\Java\jre1.8.0_161\lib\rt.jar;C:\Program Files\Java\jre1.8.0_161\lib\jsse.jar;C:\Program Files\Java\jre1.8.0_161\lib\jce.jar;C:\Program Files\Java\jre1.8.0_161\lib\charsets.jar;C:\Program Files\Java\jre1.8.0_161\lib\jfr.jar;C:\Program Files\Java\jre1.8.0_161\lib\ext\access-bridge-64.jar;C:\Program Files\Java\jre1.8.0_161\lib\ext\cldrdata.jar;C:\Program Files\Java\jre1.8.0_161\lib\ext\dnsns.jar;C:\Program Files\Java\jre1.8.0_161\lib\ext\jaccess.jar;C:\Program Files\Java\jre1.8.0_161\lib\ext\jfxrt.jar;C:\Program Files\Java\jre1.8.0_161\lib\ext\localedata.jar;C:\Program Files\Java\jre1.8.0_161\lib\ext\nashorn.jar;C:\Program Files\Java\jre1.8.0_161\lib\ext\sunec.jar;C:\Program Files\Java\jre1.8.0_161\lib\ext\sunjce_provider.jar;C:\Program Files\Java\jre1.8.0_161\lib\ext\sunmscapi.jar;C:\Program Files\Java\jre1.8.0_161\lib\ext\sunpkcs11.jar;C:\Program Files\Java\jre1.8.0_161\lib\ext\zipfs.jar;C:\Users\mtahs\wpilib\java\current\lib\cscore.jar;C:\Users\mtahs\wpilib\java\current\lib\cscore-sources.jar;C:\Users\mtahs\wpilib\java\current\lib\ntcore.jar;C:\Users\mtahs\wpilib\java\current\lib\ntcore-sources.jar;C:\Users\mtahs\wpilib\java\current\lib\WPILib.jar;C:\Users\mtahs\wpilib\java\current\lib\WPILib-sources.jar;C:\Users\mtahs\wpilib\java\current\lib\wpiutil.jar;C:\Users\mtahs\wpilib\java\current\lib\wpiutil-sources.jar;C:\Users\mtahs\Documents\NetworkTables\ntcore-java-4.0.0.jar;C:\Users\mtahs\Documents\NetworkTables\ntcore-jni-4.0.0-all.jar;C:\Users\mtahs\Documents\NetworkTables\wpiutil-java-3.0.0.jar;C:\Users\mtahs\eclipse-workspace\VisionDetect3.0\bin;C:\Users\mtahs\Documents\opencv\build\java\opencv-341.jar
Launcher Type: SUN_STANDARD

Environment Variables:
PATH=C:/Program Files/Java/jre1.8.0_161/bin/server;C:/Program Files/Java/jre1.8.0_161/bin;C:/Program Files/Java/jre1.8.0_161/lib/amd64;C:\Program Files (x86)\Common Files\Intel\Shared Libraries\redist\intel64\compiler;C:\ProgramData\Oracle\Java\javapath;C:\WINDOWS\system32;C:\WINDOWS;C:\WINDOWS\System32\Wbem;C:\WINDOWS\System32\WindowsPowerShell\v1.0\;C:\Users\mtahs\AppData\Local\Microsoft\WindowsApps;C:\Users\mtahs\AppData\Local\atom\bin;C:\Users\mtahs\OneDrive\Desktop;
USERNAME=mtahs
OS=Windows_NT
PROCESSOR_IDENTIFIER=Intel64 Family 6 Model 142 Stepping 10, GenuineIntel



---------------  S Y S T E M  ---------------

OS: Windows 10.0 , 64 bit Build 16299 (10.0.16299.15)

CPU:total 8 (initial active 8) (4 cores per cpu, 2 threads per core) family 6 model 142 stepping 10, cmov, cx8, fxsr, mmx, sse, sse2, sse3, ssse3, sse4.1, sse4.2, popcnt, avx, avx2, aes, clmul, erms, rtm, 3dnowpref, lzcnt, ht, tsc, tscinvbit, bmi1, bmi2, adx

Memory: 4k page, physical 8311748k(3799676k free), swap 9622468k(3623628k free)

vm_info: Java HotSpot(TM) 64-Bit Server VM (25.161-b12) for windows-amd64 JRE (1.8.0_161-b12), built on Dec 19 2017 17:52:25 by "java_re" with MS VC++ 10.0 (VS2010)

time: Fri Apr 27 16:02:27 2018
elapsed time: 42 seconds (0d 0h 0m 42s)

