#
# A fatal error has been detected by the Java Runtime Environment:
#
#  Internal Error (0xc000000d), pid=21404, tid=0x0000000000005270
#
# JRE version: Java(TM) SE Runtime Environment (8.0_161-b12) (build 1.8.0_161-b12)
# Java VM: Java HotSpot(TM) 64-Bit Server VM (25.161-b12 mixed mode windows-amd64 compressed oops)
# Problematic frame:
# C  [ntdll.dll+0x10b290]
#
# Failed to write core dump. Minidumps are not enabled by default on client versions of Windows
#
# If you would like to submit a bug report, please visit:
#   http://bugreport.java.com/bugreport/crash.jsp
#

---------------  T H R E A D  ---------------

Current thread (0x00000000193d8800):  VMThread [stack: 0x000000001b0b0000,0x000000001b1b0000] [id=21104]

siginfo: ExceptionCode=0xc000000d

Registers:
RAX=0x00007ffbc62a16d0, RBX=0x0000000000000001, RCX=0x00006a4db1793d75, RDX=0x00007ffbc62a16d0
RSP=0x000000001b1ae710, RBP=0x000000001ebee850, RSI=0x000000001ebeea88, RDI=0x000000001ebdb470
R8 =0x0000000070814e7e, R9 =0x000000001b1ae600, R10=0x00000000707e20da, R11=0x0000000000000000
R12=0x00007ffbbe5b6680, R13=0x0000000000000001, R14=0x000000001ebcef50, R15=0x000000001ebcef50
RIP=0x00007ffbc636b290, EFLAGS=0x0000000000000206

Top of Stack: (sp=0x000000001b1ae710)
0x000000001b1ae710:   0000000000000057 0000000000000001
0x000000001b1ae720:   000000001ebeea88 000000001ebdb470
0x000000001b1ae730:   00000000c000000d 0000000000000000
0x000000001b1ae740:   00007ffbc636b290 0000000000000000
0x000000001b1ae750:   0000000000000000 0000000000000000
0x000000001b1ae760:   0000000000000000 0000000000000000
0x000000001b1ae770:   0000000000000000 0000000000000000
0x000000001b1ae780:   0000000000000000 0000000000000000
0x000000001b1ae790:   0000000000000000 0000000000000000
0x000000001b1ae7a0:   0000000000000000 0000000000000000
0x000000001b1ae7b0:   0000000000000000 0000000000000000
0x000000001b1ae7c0:   0000000000000000 00007ffb00000000
0x000000001b1ae7d0:   00006a4db1793b35 000000001ebdb470
0x000000001b1ae7e0:   000000001ebeea88 00007ffbbe5b4907
0x000000001b1ae7f0:   000000001ebdb470 000000001ebcef50
0x000000001b1ae800:   0000000000000000 00007ffbc32ce074 

Instructions: (pc=0x00007ffbc636b290)
0x00007ffbc636b270:   bc f9 ff c7 44 24 20 0d 00 00 c0 b9 57 00 00 00
0x00007ffbc636b280:   e8 0b 64 f3 ff 90 48 8d 4c 24 20 e8 50 01 f1 ff
0x00007ffbc636b290:   eb 00 48 8b 8c 24 c0 00 00 00 48 33 cc e8 2e 5c
0x00007ffbc636b2a0:   f8 ff 48 81 c4 d8 00 00 00 c3 40 55 48 83 ec 20 


Register to memory mapping:

RAX=0x00007ffbc62a16d0 is an unknown value
RBX=0x0000000000000001 is an unknown value
RCX=0x00006a4db1793d75 is an unknown value
RDX=0x00007ffbc62a16d0 is an unknown value
RSP=0x000000001b1ae710 is an unknown value
RBP=0x000000001ebee850 is an unknown value
RSI=0x000000001ebeea88 is an unknown value
RDI=0x000000001ebdb470 is an unknown value
R8 =0x0000000070814e7e is an unknown value
R9 =0x000000001b1ae600 is an unknown value
R10=0x00000000707e20da is an unknown value
R11=0x0000000000000000 is an unknown value
R12=0x00007ffbbe5b6680 is an unknown value
R13=0x0000000000000001 is an unknown value
R14=0x000000001ebcef50 is an unknown value
R15=0x000000001ebcef50 is an unknown value


Stack: [0x000000001b0b0000,0x000000001b1b0000],  sp=0x000000001b1ae710,  free space=1017k
Native frames: (J=compiled Java code, j=interpreted, Vv=VM code, C=native code)
C  [ntdll.dll+0x10b290]
C  [RTWorkQ.DLL+0x4907]
C  [RTWorkQ.DLL+0x9e49]
C  [RTWorkQ.DLL+0x7565]
C  [MFPlat.DLL+0x1d65b]
C  [MFReadWrite.dll+0x16348]
C  [MFReadWrite.dll+0xfb0d]
C  [MFReadWrite.dll+0xf863]
C  [mfksproxy.dll+0x19600]
C  [mfksproxy.dll+0x18199]
C  [mfksproxy.dll+0x6eeb]
C  [quartz.dll+0x42e19]
C  [quartz.dll+0x553ef]
C  [quartz.dll+0x57932]
C  [quartz.dll+0x56d75]
C  [opencv_java341.dll+0x1c5dcac]
C  [opencv_java341.dll+0x20dc6c0]
C  [opencv_java341.dll+0x2011eac]
C  [opencv_java341.dll+0x2011bf1]
C  [opencv_java341.dll+0x2011f99]
C  [opencv_java341.dll+0x200eefc]
C  [opencv_java341.dll+0x200ee65]
C  [opencv_java341.dll+0x200efff]
C  [opencv_java341.dll+0x1fc534b]
C  [opencv_java341.dll+0x1fc5032]
C  [opencv_java341.dll+0x1fc5128]
C  [ntdll.dll+0x11493]
C  [ntdll.dll+0x40755]
C  [ntdll.dll+0x40614]
C  [KERNEL32.DLL+0xf06a]
C  [msvcr100.dll+0x20ccd]
V  [jvm.dll+0x212e95]
V  [jvm.dll+0x24c227]
V  [jvm.dll+0x24b4c6]
V  [jvm.dll+0x24b961]
V  [jvm.dll+0x24bb7e]
V  [jvm.dll+0x29cc4a]
C  [msvcr100.dll+0x21d9f]
C  [msvcr100.dll+0x21e3b]
C  [KERNEL32.DLL+0x11fe4]
C  [ntdll.dll+0x6f061]

VM_Operation (0x000000001e76d1f0): Exit, mode: safepoint, requested by thread 0x000000001c3c1000


---------------  P R O C E S S  ---------------

Java Threads: ( => current thread )
  0x0000000020727800 JavaThread "TimerQueue" daemon [_thread_blocked, id=19688, stack(0x0000000028730000,0x0000000028830000)]
  0x000000001c3c1000 JavaThread "AWT-EventQueue-0" [_thread_blocked, id=11952, stack(0x000000001e670000,0x000000001e770000)]
  0x000000001c358800 JavaThread "AWT-Shutdown" [_thread_blocked, id=21924, stack(0x000000001cca0000,0x000000001cda0000)]
  0x000000001c355800 JavaThread "Java2D Disposer" daemon [_thread_blocked, id=1376, stack(0x000000001cae0000,0x000000001cbe0000)]
  0x000000001b374800 JavaThread "Service Thread" daemon [_thread_blocked, id=21220, stack(0x000000001bfa0000,0x000000001c0a0000)]
  0x000000001b2e5800 JavaThread "C1 CompilerThread3" daemon [_thread_blocked, id=21496, stack(0x000000001bea0000,0x000000001bfa0000)]
  0x000000001b2e0800 JavaThread "C2 CompilerThread2" daemon [_thread_blocked, id=15356, stack(0x000000001bda0000,0x000000001bea0000)]
  0x000000001b2de800 JavaThread "C2 CompilerThread1" daemon [_thread_blocked, id=22384, stack(0x000000001bca0000,0x000000001bda0000)]
  0x000000001b2dc000 JavaThread "C2 CompilerThread0" daemon [_thread_blocked, id=7056, stack(0x000000001bba0000,0x000000001bca0000)]
  0x000000001b2d7000 JavaThread "Attach Listener" daemon [_thread_blocked, id=21260, stack(0x000000001baa0000,0x000000001bba0000)]
  0x000000001b2d6000 JavaThread "Signal Dispatcher" daemon [_thread_blocked, id=19836, stack(0x000000001b9a0000,0x000000001baa0000)]
  0x000000001b2d0800 JavaThread "Finalizer" daemon [_thread_blocked, id=20072, stack(0x000000001b6b0000,0x000000001b7b0000)]
  0x00000000193dd000 JavaThread "Reference Handler" daemon [_thread_blocked, id=21908, stack(0x000000001b1b0000,0x000000001b2b0000)]
  0x000000000416e000 JavaThread "main" [_thread_blocked, id=19156, stack(0x0000000004210000,0x0000000004310000)]

Other Threads:
=>0x00000000193d8800 VMThread [stack: 0x000000001b0b0000,0x000000001b1b0000] [id=21104]

VM state:at safepoint (shutting down)

VM Mutex/Monitor currently owned by a thread:  ([mutex/lock_event])
[0x000000000416d860] Threads_lock - owner thread: 0x00000000193d8800

Heap:
 PSYoungGen      total 56320K, used 37845K [0x00000000d5b80000, 0x00000000d9c00000, 0x0000000100000000)
  eden space 47616K, 79% used [0x00000000d5b80000,0x00000000d803d580,0x00000000d8a00000)
  from space 8704K, 2% used [0x00000000d8a80000,0x00000000d8ab8000,0x00000000d9300000)
  to   space 9216K, 0% used [0x00000000d9300000,0x00000000d9300000,0x00000000d9c00000)
 ParOldGen       total 92160K, used 32723K [0x0000000081200000, 0x0000000086c00000, 0x00000000d5b80000)
  object space 92160K, 35% used [0x0000000081200000,0x00000000831f4c50,0x0000000086c00000)
 Metaspace       used 10878K, capacity 11082K, committed 11264K, reserved 1058816K
  class space    used 1194K, capacity 1262K, committed 1280K, reserved 1048576K

Card table byte_map: [0x00000000137d0000,0x0000000013bd0000] byte_map_base: 0x00000000133c7000

Marking Bits: (ParMarkBitMap*) 0x000000006f07f860
 Begin Bits: [0x0000000014680000, 0x0000000016638000)
 End Bits:   [0x0000000016638000, 0x00000000185f0000)

Polling page: 0x0000000002770000

CodeCache: size=245760Kb used=6889Kb max_used=6935Kb free=238870Kb
 bounds [0x0000000004410000, 0x0000000004b30000, 0x0000000013410000]
 total_blobs=2413 nmethods=1760 adapters=565
 compilation: enabled

Compilation events (10 events):
Event: 207.834 Thread 0x000000001b2de800 2006       4       sun.awt.image.ByteInterleavedRaster::setDataElements (18 bytes)
Event: 207.837 Thread 0x000000001b2de800 nmethod 2006 0x000000000488a950 code [0x000000000488aaa0, 0x000000000488ab68]
Event: 216.862 Thread 0x000000001b2dc000 2007       4       javax.swing.SwingUtilities::layoutCompoundLabelImpl (758 bytes)
Event: 216.918 Thread 0x000000001b2dc000 nmethod 2007 0x0000000004730550 code [0x0000000004730720, 0x00000000047313e8]
Event: 222.847 Thread 0x000000001b2e0800 2008       4       src.com.crimsonsight.MatWindow::updateImage (101 bytes)
Event: 223.003 Thread 0x000000001b2e0800 nmethod 2008 0x0000000004818850 code [0x0000000004818b40, 0x000000000481a608]
Event: 238.251 Thread 0x000000001b2dc000 2009       4       src.com.crimsonsight.Utils::setRes (36 bytes)
Event: 238.251 Thread 0x000000001b2de800 2010       4       org.opencv.core.Core::inRange (60 bytes)
Event: 238.258 Thread 0x000000001b2de800 nmethod 2010 0x00000000048907d0 code [0x0000000004890920, 0x0000000004890a68]
Event: 238.373 Thread 0x000000001b2dc000 nmethod 2009 0x000000000473d350 code [0x000000000473d580, 0x000000000473e828]

GC Heap History (10 events):
Event: 252.223 GC heap before
{Heap before GC invocations=172 (full 9):
 PSYoungGen      total 59392K, used 49928K [0x00000000d5b80000, 0x00000000d9f80000, 0x0000000100000000)
  eden space 50176K, 99% used [0x00000000d5b80000,0x00000000d8c42238,0x00000000d8c80000)
  from space 9216K, 0% used [0x00000000d9680000,0x00000000d9680000,0x00000000d9f80000)
  to   space 9728K, 0% used [0x00000000d8c80000,0x00000000d8c80000,0x00000000d9600000)
 ParOldGen       total 92160K, used 7218K [0x0000000081200000, 0x0000000086c00000, 0x00000000d5b80000)
  object space 92160K, 7% used [0x0000000081200000,0x000000008190c838,0x0000000086c00000)
 Metaspace       used 10877K, capacity 11082K, committed 11264K, reserved 1058816K
  class space    used 1194K, capacity 1262K, committed 1280K, reserved 1048576K
Event: 252.226 GC heap after
Heap after GC invocations=172 (full 9):
 PSYoungGen      total 53760K, used 3856K [0x00000000d5b80000, 0x00000000d9e00000, 0x0000000100000000)
  eden space 49664K, 0% used [0x00000000d5b80000,0x00000000d5b80000,0x00000000d8c00000)
  from space 4096K, 94% used [0x00000000d8c80000,0x00000000d9044060,0x00000000d9080000)
  to   space 9216K, 0% used [0x00000000d9500000,0x00000000d9500000,0x00000000d9e00000)
 ParOldGen       total 92160K, used 7218K [0x0000000081200000, 0x0000000086c00000, 0x00000000d5b80000)
  object space 92160K, 7% used [0x0000000081200000,0x000000008190c838,0x0000000086c00000)
 Metaspace       used 10877K, capacity 11082K, committed 11264K, reserved 1058816K
  class space    used 1194K, capacity 1262K, committed 1280K, reserved 1048576K
}
Event: 253.134 GC heap before
{Heap before GC invocations=173 (full 9):
 PSYoungGen      total 53760K, used 53520K [0x00000000d5b80000, 0x00000000d9e00000, 0x0000000100000000)
  eden space 49664K, 100% used [0x00000000d5b80000,0x00000000d8c00000,0x00000000d8c00000)
  from space 4096K, 94% used [0x00000000d8c80000,0x00000000d9044060,0x00000000d9080000)
  to   space 9216K, 0% used [0x00000000d9500000,0x00000000d9500000,0x00000000d9e00000)
 ParOldGen       total 92160K, used 22819K [0x0000000081200000, 0x0000000086c00000, 0x00000000d5b80000)
  object space 92160K, 24% used [0x0000000081200000,0x0000000082848ed0,0x0000000086c00000)
 Metaspace       used 10877K, capacity 11082K, committed 11264K, reserved 1058816K
  class space    used 1194K, capacity 1262K, committed 1280K, reserved 1048576K
Event: 253.136 GC heap after
Heap after GC invocations=173 (full 9):
 PSYoungGen      total 58368K, used 192K [0x00000000d5b80000, 0x00000000d9e80000, 0x0000000100000000)
  eden space 49152K, 0% used [0x00000000d5b80000,0x00000000d5b80000,0x00000000d8b80000)
  from space 9216K, 2% used [0x00000000d9500000,0x00000000d9530000,0x00000000d9e00000)
  to   space 9728K, 0% used [0x00000000d8b80000,0x00000000d8b80000,0x00000000d9500000)
 ParOldGen       total 92160K, used 22819K [0x0000000081200000, 0x0000000086c00000, 0x00000000d5b80000)
  object space 92160K, 24% used [0x0000000081200000,0x0000000082848ed0,0x0000000086c00000)
 Metaspace       used 10877K, capacity 11082K, committed 11264K, reserved 1058816K
  class space    used 1194K, capacity 1262K, committed 1280K, reserved 1048576K
}
Event: 253.802 GC heap before
{Heap before GC invocations=174 (full 9):
 PSYoungGen      total 58368K, used 48575K [0x00000000d5b80000, 0x00000000d9e80000, 0x0000000100000000)
  eden space 49152K, 98% used [0x00000000d5b80000,0x00000000d8abfc80,0x00000000d8b80000)
  from space 9216K, 2% used [0x00000000d9500000,0x00000000d9530000,0x00000000d9e00000)
  to   space 9728K, 0% used [0x00000000d8b80000,0x00000000d8b80000,0x00000000d9500000)
 ParOldGen       total 92160K, used 22819K [0x0000000081200000, 0x0000000086c00000, 0x00000000d5b80000)
  object space 92160K, 24% used [0x0000000081200000,0x0000000082848ed0,0x0000000086c00000)
 Metaspace       used 10877K, capacity 11082K, committed 11264K, reserved 1058816K
  class space    used 1194K, capacity 1262K, committed 1280K, reserved 1048576K
Event: 253.805 GC heap after
Heap after GC invocations=174 (full 9):
 PSYoungGen      total 53248K, used 4456K [0x00000000d5b80000, 0x00000000d9d00000, 0x0000000100000000)
  eden space 48640K, 0% used [0x00000000d5b80000,0x00000000d5b80000,0x00000000d8b00000)
  from space 4608K, 96% used [0x00000000d8b80000,0x00000000d8fda060,0x00000000d9000000)
  to   space 9216K, 0% used [0x00000000d9400000,0x00000000d9400000,0x00000000d9d00000)
 ParOldGen       total 92160K, used 22819K [0x0000000081200000, 0x0000000086c00000, 0x00000000d5b80000)
  object space 92160K, 24% used [0x0000000081200000,0x0000000082848ed0,0x0000000086c00000)
 Metaspace       used 10877K, capacity 11082K, committed 11264K, reserved 1058816K
  class space    used 1194K, capacity 1262K, committed 1280K, reserved 1048576K
}
Event: 254.477 GC heap before
{Heap before GC invocations=175 (full 9):
 PSYoungGen      total 53248K, used 52816K [0x00000000d5b80000, 0x00000000d9d00000, 0x0000000100000000)
  eden space 48640K, 99% used [0x00000000d5b80000,0x00000000d8aba138,0x00000000d8b00000)
  from space 4608K, 96% used [0x00000000d8b80000,0x00000000d8fda060,0x00000000d9000000)
  to   space 9216K, 0% used [0x00000000d9400000,0x00000000d9400000,0x00000000d9d00000)
 ParOldGen       total 92160K, used 23719K [0x0000000081200000, 0x0000000086c00000, 0x00000000d5b80000)
  object space 92160K, 25% used [0x0000000081200000,0x0000000082929ee0,0x0000000086c00000)
 Metaspace       used 10877K, capacity 11082K, committed 11264K, reserved 1058816K
  class space    used 1194K, capacity 1262K, committed 1280K, reserved 1048576K
Event: 254.480 GC heap after
Heap after GC invocations=175 (full 9):
 PSYoungGen      total 55808K, used 3824K [0x00000000d5b80000, 0x00000000d9b80000, 0x0000000100000000)
  eden space 48128K, 0% used [0x00000000d5b80000,0x00000000d5b80000,0x00000000d8a80000)
  from space 7680K, 49% used [0x00000000d9400000,0x00000000d97bc060,0x00000000d9b80000)
  to   space 8704K, 0% used [0x00000000d8a80000,0x00000000d8a80000,0x00000000d9300000)
 ParOldGen       total 92160K, used 23719K [0x0000000081200000, 0x0000000086c00000, 0x00000000d5b80000)
  object space 92160K, 25% used [0x0000000081200000,0x0000000082929ee0,0x0000000086c00000)
 Metaspace       used 10877K, capacity 11082K, committed 11264K, reserved 1058816K
  class space    used 1194K, capacity 1262K, committed 1280K, reserved 1048576K
}
Event: 255.273 GC heap before
{Heap before GC invocations=176 (full 9):
 PSYoungGen      total 55808K, used 51952K [0x00000000d5b80000, 0x00000000d9b80000, 0x0000000100000000)
  eden space 48128K, 100% used [0x00000000d5b80000,0x00000000d8a80000,0x00000000d8a80000)
  from space 7680K, 49% used [0x00000000d9400000,0x00000000d97bc060,0x00000000d9b80000)
  to   space 8704K, 0% used [0x00000000d8a80000,0x00000000d8a80000,0x00000000d9300000)
 ParOldGen       total 92160K, used 32723K [0x0000000081200000, 0x0000000086c00000, 0x00000000d5b80000)
  object space 92160K, 35% used [0x0000000081200000,0x00000000831f4c50,0x0000000086c00000)
 Metaspace       used 10877K, capacity 11082K, committed 11264K, reserved 1058816K
  class space    used 1194K, capacity 1262K, committed 1280K, reserved 1048576K
Event: 255.275 GC heap after
Heap after GC invocations=176 (full 9):
 PSYoungGen      total 56320K, used 224K [0x00000000d5b80000, 0x00000000d9c00000, 0x0000000100000000)
  eden space 47616K, 0% used [0x00000000d5b80000,0x00000000d5b80000,0x00000000d8a00000)
  from space 8704K, 2% used [0x00000000d8a80000,0x00000000d8ab8000,0x00000000d9300000)
  to   space 9216K, 0% used [0x00000000d9300000,0x00000000d9300000,0x00000000d9c00000)
 ParOldGen       total 92160K, used 32723K [0x0000000081200000, 0x0000000086c00000, 0x00000000d5b80000)
  object space 92160K, 35% used [0x0000000081200000,0x00000000831f4c50,0x0000000086c00000)
 Metaspace       used 10877K, capacity 11082K, committed 11264K, reserved 1058816K
  class space    used 1194K, capacity 1262K, committed 1280K, reserved 1048576K
}

Deoptimization events (10 events):
Event: 21.065 Thread 0x000000001c3c1000 Uncommon trap: reason=unstable_if action=reinterpret pc=0x00000000049467d4 method=sun.java2d.pipe.Region.isInsideXYXY(IIII)Z @ 13
Event: 23.637 Thread 0x000000000416e000 Uncommon trap: reason=unstable_if action=reinterpret pc=0x0000000004960c7c method=java.util.ArrayList.remove(I)Ljava/lang/Object; @ 31
Event: 23.638 Thread 0x000000000416e000 Uncommon trap: reason=unstable_if action=reinterpret pc=0x000000000467b890 method=java.lang.ThreadLocal$ThreadLocalMap.getEntry(Ljava/lang/ThreadLocal;)Ljava/lang/ThreadLocal$ThreadLocalMap$Entry; @ 21
Event: 63.697 Thread 0x000000000416e000 Uncommon trap: reason=unstable_if action=reinterpret pc=0x00000000046258ac method=sun.misc.FloatingDecimal$BinaryToASCIIBuffer.estimateDecExp(JI)I @ 66
Event: 99.160 Thread 0x000000000416e000 Uncommon trap: reason=range_check action=make_not_entrant pc=0x0000000004725550 method=sun.awt.image.ByteInterleavedRaster.<init>(Ljava/awt/image/SampleModel;Ljava/awt/image/DataBuffer;Ljava/awt/Rectangle;Ljava/awt/Point;Lsun/awt/image/ByteInterleavedRast
Event: 117.806 Thread 0x000000000416e000 Uncommon trap: reason=unstable_if action=reinterpret pc=0x0000000004acaf1c method=src.com.crimsonsight.Main.main([Ljava/lang/String;)V @ 772
Event: 182.591 Thread 0x000000001c3c1000 Uncommon trap: reason=unstable_if action=reinterpret pc=0x0000000004a01084 method=javax.swing.SwingUtilities.layoutCompoundLabelImpl(Ljavax/swing/JComponent;Ljava/awt/FontMetrics;Ljava/lang/String;Ljavax/swing/Icon;IIIILjava/awt/Rectangle;Ljava/awt/Rectan
Event: 255.661 Thread 0x000000001c3c1000 Uncommon trap: reason=unstable_if action=reinterpret pc=0x00000000045222d8 method=java.util.IdentityHashMap.keySet()Ljava/util/Set; @ 6
Event: 255.689 Thread 0x000000000416e000 Uncommon trap: reason=unstable_if action=reinterpret pc=0x0000000004a59538 method=java.util.concurrent.atomic.AtomicBoolean.get()Z @ 4
Event: 255.690 Thread 0x000000000416e000 Uncommon trap: reason=unstable_if action=reinterpret pc=0x0000000004aa3604 method=java.util.concurrent.atomic.AtomicBoolean.get()Z @ 4

Classes redefined (0 events):
No events

Internal exceptions (10 events):
Event: 0.177 Thread 0x000000000416e000 Exception <a 'java/security/PrivilegedActionException'> (0x00000000d5d41db0) thrown at [C:\re\workspace\8-2-build-windows-amd64-cygwin\jdk8u161\10277\hotspot\src\share\vm\prims\jvm.cpp, line 1390]
Event: 0.178 Thread 0x000000000416e000 Exception <a 'java/security/PrivilegedActionException'> (0x00000000d5d45a20) thrown at [C:\re\workspace\8-2-build-windows-amd64-cygwin\jdk8u161\10277\hotspot\src\share\vm\prims\jvm.cpp, line 1390]
Event: 0.178 Thread 0x000000000416e000 Exception <a 'java/security/PrivilegedActionException'> (0x00000000d5d45c30) thrown at [C:\re\workspace\8-2-build-windows-amd64-cygwin\jdk8u161\10277\hotspot\src\share\vm\prims\jvm.cpp, line 1390]
Event: 0.182 Thread 0x000000000416e000 Exception <a 'java/io/FileNotFoundException'> (0x00000000d5d48058) thrown at [C:\re\workspace\8-2-build-windows-amd64-cygwin\jdk8u161\10277\hotspot\src\share\vm\prims\jni.cpp, line 709]
Event: 0.216 Thread 0x000000000416e000 Exception <a 'java/lang/NoSuchFieldError': method resolution failed> (0x00000000d5e18610) thrown at [C:\re\workspace\8-2-build-windows-amd64-cygwin\jdk8u161\10277\hotspot\src\share\vm\prims\methodHandles.cpp, line 1167]
Event: 0.218 Thread 0x000000000416e000 Exception <a 'java/lang/NoSuchFieldError': method resolution failed> (0x00000000d5e25b28) thrown at [C:\re\workspace\8-2-build-windows-amd64-cygwin\jdk8u161\10277\hotspot\src\share\vm\prims\methodHandles.cpp, line 1167]
Event: 0.260 Thread 0x000000000416e000 Exception <a 'java/io/FileNotFoundException'> (0x00000000d5ebdb18) thrown at [C:\re\workspace\8-2-build-windows-amd64-cygwin\jdk8u161\10277\hotspot\src\share\vm\prims\jni.cpp, line 709]
Event: 16.059 Thread 0x000000000416e000 Implicit null exception at 0x0000000004923711 to 0x0000000004926ff9
Event: 19.221 Thread 0x000000001c3c1000 Implicit null exception at 0x0000000004890987 to 0x0000000004890a7e
Event: 23.638 Thread 0x000000000416e000 Implicit null exception at 0x000000000467b7fb to 0x000000000467b871

Events (10 events):
Event: 255.662 Thread 0x0000000020637000 Thread exited: 0x0000000020637000
Event: 255.689 Thread 0x000000000416e000 Uncommon trap: trap_request=0xffffff65 fr.pc=0x0000000004a59538
Event: 255.689 Thread 0x000000000416e000 DEOPT PACKING pc=0x0000000004a59538 sp=0x000000000430f1d0
Event: 255.689 Thread 0x000000000416e000 DEOPT UNPACKING pc=0x000000000445583b sp=0x000000000430f0c0 mode 2
Event: 255.690 Thread 0x000000000416e000 Uncommon trap: trap_request=0xffffff65 fr.pc=0x0000000004aa3604
Event: 255.690 Thread 0x000000000416e000 DEOPT PACKING pc=0x0000000004aa3604 sp=0x000000000430f150
Event: 255.690 Thread 0x000000000416e000 DEOPT UNPACKING pc=0x000000000445583b sp=0x000000000430f0a8 mode 2
Event: 255.694 Thread 0x000000001c359000 Thread exited: 0x000000001c359000
Event: 255.763 Thread 0x0000000020638000 Thread exited: 0x0000000020638000
Event: 255.764 Executing VM operation: Exit


Dynamic libraries:
0x00007ff65c5f0000 - 0x00007ff65c627000 	C:\Program Files\Java\jre1.8.0_161\bin\javaw.exe
0x00007ffbc6260000 - 0x00007ffbc6440000 	C:\WINDOWS\SYSTEM32\ntdll.dll
0x00007ffba6d50000 - 0x00007ffba6d84000 	C:\Program Files\AVAST Software\Avast\x64\aswhooka.dll
0x00007ffbc5f40000 - 0x00007ffbc5fee000 	C:\WINDOWS\System32\KERNEL32.DLL
0x00007ffbc3270000 - 0x00007ffbc34d6000 	C:\WINDOWS\System32\KERNELBASE.dll
0x00007ffbc3bb0000 - 0x00007ffbc3c51000 	C:\WINDOWS\System32\ADVAPI32.dll
0x00007ffbc3ce0000 - 0x00007ffbc3d7d000 	C:\WINDOWS\System32\msvcrt.dll
0x00007ffbc37f0000 - 0x00007ffbc384b000 	C:\WINDOWS\System32\sechost.dll
0x00007ffbc5e20000 - 0x00007ffbc5f3f000 	C:\WINDOWS\System32\RPCRT4.dll
0x00007ffbc5220000 - 0x00007ffbc53af000 	C:\WINDOWS\System32\USER32.dll
0x00007ffbc27c0000 - 0x00007ffbc27e0000 	C:\WINDOWS\System32\win32u.dll
0x00007ffbc6060000 - 0x00007ffbc6088000 	C:\WINDOWS\System32\GDI32.dll
0x00007ffbc3590000 - 0x00007ffbc3723000 	C:\WINDOWS\System32\gdi32full.dll
0x00007ffbc27e0000 - 0x00007ffbc287b000 	C:\WINDOWS\System32\msvcp_win.dll
0x00007ffbc2660000 - 0x00007ffbc2756000 	C:\WINDOWS\System32\ucrtbase.dll
0x00007ffbb5220000 - 0x00007ffbb5489000 	C:\WINDOWS\WinSxS\amd64_microsoft.windows.common-controls_6595b64144ccf1df_6.0.16299.371_none_15c7d1789365a290\COMCTL32.dll
0x00007ffbc5b10000 - 0x00007ffbc5e18000 	C:\WINDOWS\System32\combase.dll
0x00007ffbc31f0000 - 0x00007ffbc3262000 	C:\WINDOWS\System32\bcryptPrimitives.dll
0x00007ffbc3b20000 - 0x00007ffbc3b4d000 	C:\WINDOWS\System32\IMM32.DLL
0x00000000707c0000 - 0x0000000070892000 	C:\Program Files\Java\jre1.8.0_161\bin\msvcr100.dll
0x000000006e860000 - 0x000000006f0ff000 	C:\Program Files\Java\jre1.8.0_161\bin\server\jvm.dll
0x00007ffbc3a70000 - 0x00007ffbc3a78000 	C:\WINDOWS\System32\PSAPI.DLL
0x00007ffbb5fe0000 - 0x00007ffbb5fe9000 	C:\WINDOWS\SYSTEM32\WSOCK32.dll
0x00007ffbc5ff0000 - 0x00007ffbc605c000 	C:\WINDOWS\System32\WS2_32.dll
0x00007ffbb9260000 - 0x00007ffbb9283000 	C:\WINDOWS\SYSTEM32\WINMM.dll
0x00007ffbb2ad0000 - 0x00007ffbb2ada000 	C:\WINDOWS\SYSTEM32\VERSION.dll
0x00007ffbb9130000 - 0x00007ffbb915a000 	C:\WINDOWS\SYSTEM32\WINMMBASE.dll
0x00007ffbc2a50000 - 0x00007ffbc2a9a000 	C:\WINDOWS\System32\cfgmgr32.dll
0x0000000070980000 - 0x000000007098f000 	C:\Program Files\Java\jre1.8.0_161\bin\verify.dll
0x0000000070950000 - 0x0000000070979000 	C:\Program Files\Java\jre1.8.0_161\bin\java.dll
0x0000000070930000 - 0x0000000070946000 	C:\Program Files\Java\jre1.8.0_161\bin\zip.dll
0x00007ffbc3de0000 - 0x00007ffbc5216000 	C:\WINDOWS\System32\SHELL32.dll
0x00007ffbc3730000 - 0x00007ffbc37d6000 	C:\WINDOWS\System32\shcore.dll
0x00007ffbc2aa0000 - 0x00007ffbc31e7000 	C:\WINDOWS\System32\windows.storage.dll
0x00007ffbc3c60000 - 0x00007ffbc3cb1000 	C:\WINDOWS\System32\shlwapi.dll
0x00007ffbc2620000 - 0x00007ffbc2631000 	C:\WINDOWS\System32\kernel.appcore.dll
0x00007ffbc25d0000 - 0x00007ffbc261c000 	C:\WINDOWS\System32\powrprof.dll
0x00007ffbc2640000 - 0x00007ffbc265b000 	C:\WINDOWS\System32\profapi.dll
0x00007ffb7c740000 - 0x00007ffb7f412000 	C:\Users\mtahs\Documents\opencv\build\java\x64\opencv_java341.dll
0x00007ffbc3920000 - 0x00007ffbc3a69000 	C:\WINDOWS\System32\ole32.dll
0x00007ffbc3850000 - 0x00007ffbc3915000 	C:\WINDOWS\System32\OLEAUT32.dll
0x00007ffbb5e90000 - 0x00007ffbb5eb9000 	C:\WINDOWS\SYSTEM32\MSVFW32.dll
0x00007ffbbd050000 - 0x00007ffbbd06f000 	C:\WINDOWS\SYSTEM32\AVIFIL32.dll
0x00007ffbbb3e0000 - 0x00007ffbbb3f8000 	C:\WINDOWS\SYSTEM32\AVICAP32.dll
0x00007ffbbd090000 - 0x00007ffbbd0ac000 	C:\WINDOWS\SYSTEM32\MSACM32.dll
0x000000006e6c0000 - 0x000000006e858000 	C:\Program Files\Java\jre1.8.0_161\bin\awt.dll
0x00007ffbc0370000 - 0x00007ffbc03f8000 	C:\WINDOWS\SYSTEM32\apphelp.dll
0x00007ffbc0c20000 - 0x00007ffbc0c4a000 	C:\WINDOWS\system32\DWMAPI.DLL
0x00007ffbc0800000 - 0x00007ffbc0895000 	C:\WINDOWS\system32\uxtheme.dll
0x00007ffba5910000 - 0x00007ffba5a2e000 	C:\WINDOWS\system32\opengl32.dll
0x00007ffbb1d70000 - 0x00007ffbb1d9c000 	C:\WINDOWS\SYSTEM32\GLU32.dll
0x00007ffbc5810000 - 0x00007ffbc5977000 	C:\WINDOWS\System32\MSCTF.dll
0x00007ffb9e1f0000 - 0x00007ffb9e299000 	C:\Program Files\Common Files\microsoft shared\ink\tiptsf.dll
0x0000000070ac0000 - 0x0000000070b07000 	C:\Program Files\Java\jre1.8.0_161\bin\fontmanager.dll
0x00007ffbb8800000 - 0x00007ffbb8898000 	C:\WINDOWS\System32\TextInputFramework.dll
0x00007ffbb8510000 - 0x00007ffbb87fe000 	C:\WINDOWS\System32\CoreUIComponents.dll
0x00007ffbbf370000 - 0x00007ffbbf44c000 	C:\WINDOWS\System32\CoreMessaging.dll
0x00007ffbc16e0000 - 0x00007ffbc1711000 	C:\WINDOWS\SYSTEM32\ntmarta.dll
0x00007ffbbea00000 - 0x00007ffbbeb36000 	C:\WINDOWS\SYSTEM32\wintypes.dll
0x00007ffbc3a80000 - 0x00007ffbc3b1e000 	C:\WINDOWS\System32\clbcatq.dll
0x00007ffbb7030000 - 0x00007ffbb7236000 	C:\Windows\System32\uiautomationcore.dll
0x00007ffbc2410000 - 0x00007ffbc24aa000 	C:\WINDOWS\SYSTEM32\sxs.dll
0x0000000070910000 - 0x000000007092a000 	C:\Program Files\Java\jre1.8.0_161\bin\net.dll
0x00007ffbc1e40000 - 0x00007ffbc1ea6000 	C:\WINDOWS\system32\mswsock.dll
0x00007ffba60b0000 - 0x00007ffba611e000 	C:\Windows\System32\OLEACC.dll
0x00000000708f0000 - 0x0000000070901000 	C:\Program Files\Java\jre1.8.0_161\bin\nio.dll
0x00007ffba0660000 - 0x00007ffba06e1000 	C:\WINDOWS\SYSTEM32\twinapi.dll
0x00007ffbc0aa0000 - 0x00007ffbc0c1b000 	C:\WINDOWS\SYSTEM32\twinapi.appcore.dll
0x00007ffbc0d10000 - 0x00007ffbc0d30000 	C:\WINDOWS\SYSTEM32\RMCLIENT.dll
0x00007ffbc2110000 - 0x00007ffbc2135000 	C:\WINDOWS\SYSTEM32\bcrypt.dll
0x0000000070a70000 - 0x0000000070ab2000 	C:\Program Files\Java\jre1.8.0_161\bin\t2k.dll
0x00007ffbb1d50000 - 0x00007ffbb1d68000 	C:\Windows\System32\devenum.dll
0x00007ffbc53b0000 - 0x00007ffbc57fe000 	C:\WINDOWS\System32\setupapi.dll
0x00007ffbc23c0000 - 0x00007ffbc23e7000 	C:\WINDOWS\SYSTEM32\DEVOBJ.dll
0x00007ffbc2760000 - 0x00007ffbc27b8000 	C:\WINDOWS\System32\WINTRUST.dll
0x00007ffbc25b0000 - 0x00007ffbc25c2000 	C:\WINDOWS\System32\MSASN1.dll
0x00007ffbc2880000 - 0x00007ffbc2a4e000 	C:\WINDOWS\System32\CRYPT32.dll
0x00007ffb9dde0000 - 0x00007ffb9ddea000 	C:\WINDOWS\SYSTEM32\msdmo.dll
0x00007ffbaebd0000 - 0x00007ffbaec03000 	C:\Windows\System32\qcap.dll
0x00007ffb92080000 - 0x00007ffb9223c000 	C:\Windows\System32\quartz.dll
0x00007ffba7f20000 - 0x00007ffba7f6e000 	C:\Windows\System32\mfksproxy.dll
0x00007ffba0f70000 - 0x00007ffba0f8d000 	C:\Windows\System32\ATL.DLL
0x00007ffbbeb40000 - 0x00007ffbbeb76000 	C:\Windows\System32\MFSENSORGROUP.dll
0x00007ffbbe610000 - 0x00007ffbbe7c3000 	C:\Windows\System32\MFPlat.DLL
0x00007ffbbe5b0000 - 0x00007ffbbe5e1000 	C:\Windows\System32\RTWorkQ.DLL
0x00007ffbbd680000 - 0x00007ffbbdac7000 	C:\Windows\System32\MFCORE.dll
0x00007ffbbd5e0000 - 0x00007ffbbd5e9000 	C:\Windows\System32\ksuser.dll
0x00007ffbc2020000 - 0x00007ffbc202b000 	C:\Windows\System32\CRYPTBASE.DLL
0x00007ffba69b0000 - 0x00007ffba6a00000 	C:\Windows\System32\FSClient.dll
0x00007ffbc13c0000 - 0x00007ffbc146f000 	C:\Windows\System32\dxgi.dll
0x00007ffbbf450000 - 0x00007ffbbf732000 	C:\Windows\System32\d3d11.dll
0x00007ffbbe550000 - 0x00007ffbbe55a000 	C:\Windows\System32\AVRT.dll
0x00007ffbbd470000 - 0x00007ffbbd47c000 	C:\Windows\System32\vidcap.ax
0x00007ffbb1d20000 - 0x00007ffbb1d46000 	C:\Windows\System32\kswdmcap.ax
0x00007ffb94550000 - 0x00007ffb946b5000 	C:\Windows\System32\MFC42.dll
0x00007ffb8ab90000 - 0x00007ffb8b103000 	C:\WINDOWS\system32\IntelCameraPlugin64.dll
0x00007ffbbdb50000 - 0x00007ffbbdbca000 	C:\WINDOWS\SYSTEM32\policymanager.dll
0x00007ffbbd5f0000 - 0x00007ffbbd680000 	C:\Windows\System32\msvcp110_win.dll
0x00007ffb99650000 - 0x00007ffb9975a000 	C:\Windows\System32\MFReadWrite.dll
0x00007ffba14f0000 - 0x00007ffba1590000 	C:\Windows\System32\qedit.dll
0x00007ffbc5980000 - 0x00007ffbc5a8a000 	C:\WINDOWS\System32\COMDLG32.dll
0x00007ffbbc110000 - 0x00007ffbbc2ac000 	C:\WINDOWS\WinSxS\amd64_microsoft.windows.gdiplus_6595b64144ccf1df_1.1.16299.371_none_46b2c45dedf81c5e\gdiplus.dll
0x00007ffb92580000 - 0x00007ffb92676000 	C:\Windows\System32\DDRAW.dll
0x00007ffba25a0000 - 0x00007ffba25a8000 	C:\Windows\System32\DCIMAN32.dll
0x00007ffbbcfb0000 - 0x00007ffbbcfbc000 	C:\WINDOWS\SYSTEM32\msyuv.dll
0x00007ffbc1090000 - 0x00007ffbc1258000 	C:\WINDOWS\SYSTEM32\dbghelp.dll

VM Arguments:
jvm_args: -Djava.library.path=C:\Users\mtahs\Documents\opencv\build\java\x64 -Dfile.encoding=Cp1252 
java_command: src.com.crimsonsight.Main
java_class_path (initial): C:\Program Files\Java\jre1.8.0_161\lib\resources.jar;C:\Program Files\Java\jre1.8.0_161\lib\rt.jar;C:\Program Files\Java\jre1.8.0_161\lib\jsse.jar;C:\Program Files\Java\jre1.8.0_161\lib\jce.jar;C:\Program Files\Java\jre1.8.0_161\lib\charsets.jar;C:\Program Files\Java\jre1.8.0_161\lib\jfr.jar;C:\Program Files\Java\jre1.8.0_161\lib\ext\access-bridge-64.jar;C:\Program Files\Java\jre1.8.0_161\lib\ext\cldrdata.jar;C:\Program Files\Java\jre1.8.0_161\lib\ext\dnsns.jar;C:\Program Files\Java\jre1.8.0_161\lib\ext\jaccess.jar;C:\Program Files\Java\jre1.8.0_161\lib\ext\jfxrt.jar;C:\Program Files\Java\jre1.8.0_161\lib\ext\localedata.jar;C:\Program Files\Java\jre1.8.0_161\lib\ext\nashorn.jar;C:\Program Files\Java\jre1.8.0_161\lib\ext\sunec.jar;C:\Program Files\Java\jre1.8.0_161\lib\ext\sunjce_provider.jar;C:\Program Files\Java\jre1.8.0_161\lib\ext\sunmscapi.jar;C:\Program Files\Java\jre1.8.0_161\lib\ext\sunpkcs11.jar;C:\Program Files\Java\jre1.8.0_161\lib\ext\zipfs.jar;C:\Users\mtahs\eclipse-workspace\VisionDetect3.0\bin;C:\Users\mtahs\Documents\opencv\build\java\opencv-341.jar
Launcher Type: SUN_STANDARD

Environment Variables:
PATH=C:/Program Files/Java/jre1.8.0_161/bin/server;C:/Program Files/Java/jre1.8.0_161/bin;C:/Program Files/Java/jre1.8.0_161/lib/amd64;C:\Program Files (x86)\Common Files\Intel\Shared Libraries\redist\intel64\compiler;C:\ProgramData\Oracle\Java\javapath;C:\WINDOWS\system32;C:\WINDOWS;C:\WINDOWS\System32\Wbem;C:\WINDOWS\System32\WindowsPowerShell\v1.0\;C:\Users\mtahs\AppData\Local\Microsoft\WindowsApps;C:\Users\mtahs\AppData\Local\atom\bin;C:\Users\mtahs\OneDrive\Desktop;
USERNAME=mtahs
OS=Windows_NT
PROCESSOR_IDENTIFIER=Intel64 Family 6 Model 142 Stepping 10, GenuineIntel



---------------  S Y S T E M  ---------------

OS: Windows 10.0 , 64 bit Build 16299 (10.0.16299.15)

CPU:total 8 (initial active 8) (4 cores per cpu, 2 threads per core) family 6 model 142 stepping 10, cmov, cx8, fxsr, mmx, sse, sse2, sse3, ssse3, sse4.1, sse4.2, popcnt, avx, avx2, aes, clmul, erms, rtm, 3dnowpref, lzcnt, ht, tsc, tscinvbit, bmi1, bmi2, adx

Memory: 4k page, physical 8311748k(3836804k free), swap 9622468k(2434552k free)

vm_info: Java HotSpot(TM) 64-Bit Server VM (25.161-b12) for windows-amd64 JRE (1.8.0_161-b12), built on Dec 19 2017 17:52:25 by "java_re" with MS VC++ 10.0 (VS2010)

time: Wed Apr 25 23:07:57 2018
elapsed time: 257 seconds (0d 0h 4m 17s)

