#
# A fatal error has been detected by the Java Runtime Environment:
#
#  Internal Error (0xc000000d), pid=18052, tid=0x0000000000004344
#
# JRE version: Java(TM) SE Runtime Environment (8.0_161-b12) (build 1.8.0_161-b12)
# Java VM: Java HotSpot(TM) 64-Bit Server VM (25.161-b12 mixed mode windows-amd64 compressed oops)
# Problematic frame:
# C  [ntdll.dll+0x10b290]
#
# Failed to write core dump. Minidumps are not enabled by default on client versions of Windows
#
# If you would like to submit a bug report, please visit:
#   http://bugreport.java.com/bugreport/crash.jsp
#

---------------  T H R E A D  ---------------

Current thread (0x0000000019d29800):  VMThread [stack: 0x000000001ba20000,0x000000001bb20000] [id=17220]

siginfo: ExceptionCode=0xc000000d

Registers:
RAX=0x00007ffbc62a16d0, RBX=0x0000000000000001, RCX=0x000033b9ea34a35c, RDX=0x00007ffbc62a16d0
RSP=0x000000001bb1e840, RBP=0x000000001f57e8e0, RSI=0x000000001f57eb18, RDI=0x000000001f55fb70
R8 =0x00007ffbc62a16d0, R9 =0x000000001bb1e730, R10=0x000000006e8f20da, R11=0x0000000000000000
R12=0x00007ffbb1ce6680, R13=0x0000000000000001, R14=0x000000001f558990, R15=0x000000001f558990
RIP=0x00007ffbc636b290, EFLAGS=0x0000000000000206

Top of Stack: (sp=0x000000001bb1e840)
0x000000001bb1e840:   0000000000000057 0000000000000001
0x000000001bb1e850:   000000001f57eb18 000000001f55fb70
0x000000001bb1e860:   00000000c000000d 0000000000000000
0x000000001bb1e870:   00007ffbc636b290 0000000000000000
0x000000001bb1e880:   0000000000000000 0000000000000000
0x000000001bb1e890:   0000000000000000 0000000000000000
0x000000001bb1e8a0:   0000000000000000 0000000000000000
0x000000001bb1e8b0:   0000000000000000 0000000000000000
0x000000001bb1e8c0:   0000000000000000 0000000000000000
0x000000001bb1e8d0:   0000000000000000 0000000000000000
0x000000001bb1e8e0:   0000000000000000 0000000000000000
0x000000001bb1e8f0:   0000000000000000 00007ffb00000000
0x000000001bb1e900:   000033b9ea34a99c 000000001f55fb70
0x000000001bb1e910:   000000001f57eb18 00007ffbb1ce4907
0x000000001bb1e920:   000000001f55fb70 000000001f558990
0x000000001bb1e930:   0000000000000000 00007ffbc32ce074 

Instructions: (pc=0x00007ffbc636b290)
0x00007ffbc636b270:   bc f9 ff c7 44 24 20 0d 00 00 c0 b9 57 00 00 00
0x00007ffbc636b280:   e8 0b 64 f3 ff 90 48 8d 4c 24 20 e8 50 01 f1 ff
0x00007ffbc636b290:   eb 00 48 8b 8c 24 c0 00 00 00 48 33 cc e8 2e 5c
0x00007ffbc636b2a0:   f8 ff 48 81 c4 d8 00 00 00 c3 40 55 48 83 ec 20 


Register to memory mapping:

RAX=0x00007ffbc62a16d0 is an unknown value
RBX=0x0000000000000001 is an unknown value
RCX=0x000033b9ea34a35c is an unknown value
RDX=0x00007ffbc62a16d0 is an unknown value
RSP=0x000000001bb1e840 is an unknown value
RBP=0x000000001f57e8e0 is an unknown value
RSI=0x000000001f57eb18 is an unknown value
RDI=0x000000001f55fb70 is an unknown value
R8 =0x00007ffbc62a16d0 is an unknown value
R9 =0x000000001bb1e730 is an unknown value
R10=0x000000006e8f20da is an unknown value
R11=0x0000000000000000 is an unknown value
R12=0x00007ffbb1ce6680 is an unknown value
R13=0x0000000000000001 is an unknown value
R14=0x000000001f558990 is an unknown value
R15=0x000000001f558990 is an unknown value


Stack: [0x000000001ba20000,0x000000001bb20000],  sp=0x000000001bb1e840,  free space=1018k
Native frames: (J=compiled Java code, j=interpreted, Vv=VM code, C=native code)
C  [ntdll.dll+0x10b290]
C  [RTWorkQ.DLL+0x4907]
C  [RTWorkQ.DLL+0x9e49]
C  [RTWorkQ.DLL+0x7565]
C  [MFPlat.DLL+0x1d65b]
C  [MFReadWrite.dll+0x16348]
C  [MFReadWrite.dll+0xfb0d]
C  [MFReadWrite.dll+0xf863]
C  [mfksproxy.dll+0x19600]
C  [mfksproxy.dll+0x18199]
C  [mfksproxy.dll+0x6eeb]
C  [quartz.dll+0x42e19]
C  [quartz.dll+0x553ef]
C  [quartz.dll+0x57932]
C  [quartz.dll+0x56d75]
C  [opencv_java341.dll+0x1c5dcac]
C  [opencv_java341.dll+0x20dc6c0]
C  [opencv_java341.dll+0x2011eac]
C  [opencv_java341.dll+0x2011bf1]
C  [opencv_java341.dll+0x2011f99]
C  [opencv_java341.dll+0x200eefc]
C  [opencv_java341.dll+0x200ee65]
C  [opencv_java341.dll+0x200efff]
C  [opencv_java341.dll+0x1fc534b]
C  [opencv_java341.dll+0x1fc5032]
C  [opencv_java341.dll+0x1fc5128]
C  [ntdll.dll+0x11493]
C  [ntdll.dll+0x40755]
C  [ntdll.dll+0x40614]
C  [KERNEL32.DLL+0xf06a]
C  [msvcr100.dll+0x20ccd]
V  [jvm.dll+0x212e95]
V  [jvm.dll+0x24c227]
V  [jvm.dll+0x24b4c6]
V  [jvm.dll+0x24b961]
V  [jvm.dll+0x24bb7e]
V  [jvm.dll+0x29cc4a]
C  [msvcr100.dll+0x21d9f]
C  [msvcr100.dll+0x21e3b]
C  [KERNEL32.DLL+0x11fe4]
C  [ntdll.dll+0x6f061]

VM_Operation (0x000000001f0dd030): Exit, mode: safepoint, requested by thread 0x000000001ce41800


---------------  P R O C E S S  ---------------

Java Threads: ( => current thread )
  0x0000000029e33000 JavaThread "TimerQueue" daemon [_thread_blocked, id=8380, stack(0x000000002b260000,0x000000002b360000)]
  0x000000001ce41800 JavaThread "AWT-EventQueue-0" [_thread_blocked, id=13548, stack(0x000000001efe0000,0x000000001f0e0000)]
  0x000000001cd84800 JavaThread "AWT-Shutdown" [_thread_blocked, id=19440, stack(0x000000001d5d0000,0x000000001d6d0000)]
  0x000000001cd82000 JavaThread "Java2D Disposer" daemon [_thread_blocked, id=23276, stack(0x000000001d4d0000,0x000000001d5d0000)]
  0x000000001bcec800 JavaThread "Service Thread" daemon [_thread_blocked, id=9320, stack(0x000000001c910000,0x000000001ca10000)]
  0x000000001bc52800 JavaThread "C1 CompilerThread3" daemon [_thread_blocked, id=4080, stack(0x000000001c810000,0x000000001c910000)]
  0x000000001bc4e000 JavaThread "C2 CompilerThread2" daemon [_thread_blocked, id=16312, stack(0x000000001c710000,0x000000001c810000)]
  0x000000001bc4c000 JavaThread "C2 CompilerThread1" daemon [_thread_blocked, id=15024, stack(0x000000001c610000,0x000000001c710000)]
  0x000000001bc4a000 JavaThread "C2 CompilerThread0" daemon [_thread_blocked, id=12948, stack(0x000000001c510000,0x000000001c610000)]
  0x000000001bc48000 JavaThread "Attach Listener" daemon [_thread_blocked, id=15228, stack(0x000000001c410000,0x000000001c510000)]
  0x000000001bc47000 JavaThread "Signal Dispatcher" daemon [_thread_blocked, id=8012, stack(0x000000001c310000,0x000000001c410000)]
  0x000000001bc40800 JavaThread "Finalizer" daemon [_thread_blocked, id=20824, stack(0x000000001c020000,0x000000001c120000)]
  0x0000000004d29000 JavaThread "Reference Handler" daemon [_thread_blocked, id=22652, stack(0x000000001bb20000,0x000000001bc20000)]
  0x000000000331e000 JavaThread "main" [_thread_blocked, id=8540, stack(0x0000000004b30000,0x0000000004c30000)]

Other Threads:
=>0x0000000019d29800 VMThread [stack: 0x000000001ba20000,0x000000001bb20000] [id=17220]

VM state:at safepoint (shutting down)

VM Mutex/Monitor currently owned by a thread:  ([mutex/lock_event])
[0x000000000331da00] Threads_lock - owner thread: 0x0000000019d29800

Heap:
 PSYoungGen      total 65024K, used 15813K [0x00000000d5b80000, 0x00000000da580000, 0x0000000100000000)
  eden space 60416K, 18% used [0x00000000d5b80000,0x00000000d66a5518,0x00000000d9680000)
  from space 4608K, 95% used [0x00000000d9800000,0x00000000d9c4c060,0x00000000d9c80000)
  to   space 7680K, 0% used [0x00000000d9e00000,0x00000000d9e00000,0x00000000da580000)
 ParOldGen       total 43520K, used 16367K [0x0000000081200000, 0x0000000083c80000, 0x00000000d5b80000)
  object space 43520K, 37% used [0x0000000081200000,0x00000000821fbf98,0x0000000083c80000)
 Metaspace       used 11385K, capacity 11522K, committed 11648K, reserved 1058816K
  class space    used 1257K, capacity 1326K, committed 1408K, reserved 1048576K

Card table byte_map: [0x00000000140f0000,0x00000000144f0000] byte_map_base: 0x0000000013ce7000

Marking Bits: (ParMarkBitMap*) 0x000000006f38f860
 Begin Bits: [0x0000000014fa0000, 0x0000000016f58000)
 End Bits:   [0x0000000016f58000, 0x0000000018f10000)

Polling page: 0x0000000000df0000

CodeCache: size=245760Kb used=6935Kb max_used=6961Kb free=238824Kb
 bounds [0x0000000004d30000, 0x0000000005410000, 0x0000000013d30000]
 total_blobs=2475 nmethods=1794 adapters=593
 compilation: enabled

Compilation events (10 events):
Event: 37.481 Thread 0x000000001bc4c000 1806       4       javax.swing.SwingUtilities::findDisplayedMnemonicIndex (69 bytes)
Event: 37.483 Thread 0x000000001bc4c000 nmethod 1806 0x000000000537ddd0 code [0x000000000537df00, 0x000000000537df78]
Event: 37.487 Thread 0x000000001bc4e000 1807   !   4       sun.swing.SwingUtilities2::getLeftSideBearing (178 bytes)
Event: 37.488 Thread 0x000000001bc4e000 nmethod 1807 0x0000000004e65210 code [0x0000000004e65340, 0x0000000004e653b8]
Event: 37.515 Thread 0x000000001bc4a000 1808       4       javax.swing.JLabel::setText (107 bytes)
Event: 37.788 Thread 0x000000001bc4a000 nmethod 1808 0x00000000053fbb10 code [0x00000000053fbfe0, 0x0000000005400160]
Event: 37.980 Thread 0x000000001bc4c000 1809       4       java.util.IdentityHashMap$KeyIterator::<init> (6 bytes)
Event: 37.980 Thread 0x000000001bc4e000 1810       4       java.util.IdentityHashMap$KeyIterator::<init> (12 bytes)
Event: 37.982 Thread 0x000000001bc4e000 nmethod 1810 0x00000000053cacd0 code [0x00000000053cae00, 0x00000000053caed8]
Event: 37.983 Thread 0x000000001bc4c000 nmethod 1809 0x0000000005356c90 code [0x0000000005356dc0, 0x0000000005356e98]

GC Heap History (10 events):
Event: 34.259 GC heap before
{Heap before GC invocations=29 (full 2):
 PSYoungGen      total 75776K, used 74512K [0x00000000d5b80000, 0x00000000daf00000, 0x0000000100000000)
  eden space 70144K, 100% used [0x00000000d5b80000,0x00000000da000000,0x00000000da000000)
  from space 5632K, 77% used [0x00000000da980000,0x00000000dadc4060,0x00000000daf00000)
  to   space 7680K, 0% used [0x00000000da000000,0x00000000da000000,0x00000000da780000)
 ParOldGen       total 43520K, used 8996K [0x0000000081200000, 0x0000000083c80000, 0x00000000d5b80000)
  object space 43520K, 20% used [0x0000000081200000,0x0000000081ac9270,0x0000000083c80000)
 Metaspace       used 11345K, capacity 11522K, committed 11648K, reserved 1058816K
  class space    used 1256K, capacity 1326K, committed 1408K, reserved 1048576K
Event: 34.268 GC heap after
Heap after GC invocations=29 (full 2):
 PSYoungGen      total 73216K, used 4968K [0x00000000d5b80000, 0x00000000dad00000, 0x0000000100000000)
  eden space 68096K, 0% used [0x00000000d5b80000,0x00000000d5b80000,0x00000000d9e00000)
  from space 5120K, 97% used [0x00000000da000000,0x00000000da4da060,0x00000000da500000)
  to   space 7680K, 0% used [0x00000000da580000,0x00000000da580000,0x00000000dad00000)
 ParOldGen       total 43520K, used 9020K [0x0000000081200000, 0x0000000083c80000, 0x00000000d5b80000)
  object space 43520K, 20% used [0x0000000081200000,0x0000000081acf270,0x0000000083c80000)
 Metaspace       used 11345K, capacity 11522K, committed 11648K, reserved 1058816K
  class space    used 1256K, capacity 1326K, committed 1408K, reserved 1048576K
}
Event: 35.184 GC heap before
{Heap before GC invocations=30 (full 2):
 PSYoungGen      total 73216K, used 72966K [0x00000000d5b80000, 0x00000000dad00000, 0x0000000100000000)
  eden space 68096K, 99% used [0x00000000d5b80000,0x00000000d9de7ae0,0x00000000d9e00000)
  from space 5120K, 97% used [0x00000000da000000,0x00000000da4da060,0x00000000da500000)
  to   space 7680K, 0% used [0x00000000da580000,0x00000000da580000,0x00000000dad00000)
 ParOldGen       total 43520K, used 9920K [0x0000000081200000, 0x0000000083c80000, 0x00000000d5b80000)
  object space 43520K, 22% used [0x0000000081200000,0x0000000081bb0280,0x0000000083c80000)
 Metaspace       used 11345K, capacity 11522K, committed 11648K, reserved 1058816K
  class space    used 1256K, capacity 1326K, committed 1408K, reserved 1048576K
Event: 35.192 GC heap after
Heap after GC invocations=30 (full 2):
 PSYoungGen      total 71680K, used 3832K [0x00000000d5b80000, 0x00000000dab00000, 0x0000000100000000)
  eden space 66048K, 0% used [0x00000000d5b80000,0x00000000d5b80000,0x00000000d9c00000)
  from space 5632K, 68% used [0x00000000da580000,0x00000000da93e040,0x00000000dab00000)
  to   space 7680K, 0% used [0x00000000d9c00000,0x00000000d9c00000,0x00000000da380000)
 ParOldGen       total 43520K, used 9944K [0x0000000081200000, 0x0000000083c80000, 0x00000000d5b80000)
  object space 43520K, 22% used [0x0000000081200000,0x0000000081bb6280,0x0000000083c80000)
 Metaspace       used 11345K, capacity 11522K, committed 11648K, reserved 1058816K
  class space    used 1256K, capacity 1326K, committed 1408K, reserved 1048576K
}
Event: 36.150 GC heap before
{Heap before GC invocations=31 (full 2):
 PSYoungGen      total 71680K, used 69880K [0x00000000d5b80000, 0x00000000dab00000, 0x0000000100000000)
  eden space 66048K, 100% used [0x00000000d5b80000,0x00000000d9c00000,0x00000000d9c00000)
  from space 5632K, 68% used [0x00000000da580000,0x00000000da93e040,0x00000000dab00000)
  to   space 7680K, 0% used [0x00000000d9c00000,0x00000000d9c00000,0x00000000da380000)
 ParOldGen       total 43520K, used 15347K [0x0000000081200000, 0x0000000083c80000, 0x00000000d5b80000)
  object space 43520K, 35% used [0x0000000081200000,0x00000000820fcf88,0x0000000083c80000)
 Metaspace       used 11345K, capacity 11522K, committed 11648K, reserved 1058816K
  class space    used 1256K, capacity 1326K, committed 1408K, reserved 1048576K
Event: 36.158 GC heap after
Heap after GC invocations=31 (full 2):
 PSYoungGen      total 65024K, used 768K [0x00000000d5b80000, 0x00000000da900000, 0x0000000100000000)
  eden space 64000K, 0% used [0x00000000d5b80000,0x00000000d5b80000,0x00000000d9a00000)
  from space 1024K, 75% used [0x00000000d9c00000,0x00000000d9cc0000,0x00000000d9d00000)
  to   space 7680K, 0% used [0x00000000da180000,0x00000000da180000,0x00000000da900000)
 ParOldGen       total 43520K, used 15387K [0x0000000081200000, 0x0000000083c80000, 0x00000000d5b80000)
  object space 43520K, 35% used [0x0000000081200000,0x0000000082106f88,0x0000000083c80000)
 Metaspace       used 11345K, capacity 11522K, committed 11648K, reserved 1058816K
  class space    used 1256K, capacity 1326K, committed 1408K, reserved 1048576K
}
Event: 37.110 GC heap before
{Heap before GC invocations=32 (full 2):
 PSYoungGen      total 65024K, used 64768K [0x00000000d5b80000, 0x00000000da900000, 0x0000000100000000)
  eden space 64000K, 100% used [0x00000000d5b80000,0x00000000d9a00000,0x00000000d9a00000)
  from space 1024K, 75% used [0x00000000d9c00000,0x00000000d9cc0000,0x00000000d9d00000)
  to   space 7680K, 0% used [0x00000000da180000,0x00000000da180000,0x00000000da900000)
 ParOldGen       total 43520K, used 15387K [0x0000000081200000, 0x0000000083c80000, 0x00000000d5b80000)
  object space 43520K, 35% used [0x0000000081200000,0x0000000082106f88,0x0000000083c80000)
 Metaspace       used 11383K, capacity 11522K, committed 11648K, reserved 1058816K
  class space    used 1257K, capacity 1326K, committed 1408K, reserved 1048576K
Event: 37.115 GC heap after
Heap after GC invocations=32 (full 2):
 PSYoungGen      total 67584K, used 4400K [0x00000000d5b80000, 0x00000000da700000, 0x0000000100000000)
  eden space 61952K, 0% used [0x00000000d5b80000,0x00000000d5b80000,0x00000000d9800000)
  from space 5632K, 78% used [0x00000000da180000,0x00000000da5cc060,0x00000000da700000)
  to   space 7680K, 0% used [0x00000000d9800000,0x00000000d9800000,0x00000000d9f80000)
 ParOldGen       total 43520K, used 15419K [0x0000000081200000, 0x0000000083c80000, 0x00000000d5b80000)
  object space 43520K, 35% used [0x0000000081200000,0x000000008210ef88,0x0000000083c80000)
 Metaspace       used 11383K, capacity 11522K, committed 11648K, reserved 1058816K
  class space    used 1257K, capacity 1326K, committed 1408K, reserved 1048576K
}
Event: 37.953 GC heap before
{Heap before GC invocations=33 (full 2):
 PSYoungGen      total 67584K, used 66118K [0x00000000d5b80000, 0x00000000da700000, 0x0000000100000000)
  eden space 61952K, 99% used [0x00000000d5b80000,0x00000000d97c5ac8,0x00000000d9800000)
  from space 5632K, 78% used [0x00000000da180000,0x00000000da5cc060,0x00000000da700000)
  to   space 7680K, 0% used [0x00000000d9800000,0x00000000d9800000,0x00000000d9f80000)
 ParOldGen       total 43520K, used 16319K [0x0000000081200000, 0x0000000083c80000, 0x00000000d5b80000)
  object space 43520K, 37% used [0x0000000081200000,0x00000000821eff98,0x0000000083c80000)
 Metaspace       used 11383K, capacity 11522K, committed 11648K, reserved 1058816K
  class space    used 1257K, capacity 1326K, committed 1408K, reserved 1048576K
Event: 37.962 GC heap after
Heap after GC invocations=33 (full 2):
 PSYoungGen      total 65024K, used 4400K [0x00000000d5b80000, 0x00000000da580000, 0x0000000100000000)
  eden space 60416K, 0% used [0x00000000d5b80000,0x00000000d5b80000,0x00000000d9680000)
  from space 4608K, 95% used [0x00000000d9800000,0x00000000d9c4c060,0x00000000d9c80000)
  to   space 7680K, 0% used [0x00000000d9e00000,0x00000000d9e00000,0x00000000da580000)
 ParOldGen       total 43520K, used 16367K [0x0000000081200000, 0x0000000083c80000, 0x00000000d5b80000)
  object space 43520K, 37% used [0x0000000081200000,0x00000000821fbf98,0x0000000083c80000)
 Metaspace       used 11383K, capacity 11522K, committed 11648K, reserved 1058816K
  class space    used 1257K, capacity 1326K, committed 1408K, reserved 1048576K
}

Deoptimization events (10 events):
Event: 27.724 Thread 0x000000001ce41800 Uncommon trap: reason=class_check action=maybe_recompile pc=0x00000000052e406c method=java.awt.Container.validateTree()V @ 117
Event: 27.760 Thread 0x000000001ce41800 Uncommon trap: reason=class_check action=maybe_recompile pc=0x00000000052e3748 method=javax.swing.JRootPane$RootLayout.layoutContainer(Ljava/awt/Container;)V @ 203
Event: 27.762 Thread 0x000000001ce41800 Uncommon trap: reason=class_check action=maybe_recompile pc=0x00000000052e406c method=java.awt.Container.validateTree()V @ 117
Event: 27.788 Thread 0x000000001ce41800 Uncommon trap: reason=class_check action=maybe_recompile pc=0x00000000052e3748 method=javax.swing.JRootPane$RootLayout.layoutContainer(Ljava/awt/Container;)V @ 203
Event: 27.792 Thread 0x000000001ce41800 Uncommon trap: reason=class_check action=maybe_recompile pc=0x00000000052e406c method=java.awt.Container.validateTree()V @ 117
Event: 27.827 Thread 0x000000001ce41800 Uncommon trap: reason=class_check action=maybe_recompile pc=0x00000000052e3748 method=javax.swing.JRootPane$RootLayout.layoutContainer(Ljava/awt/Container;)V @ 203
Event: 28.438 Thread 0x000000000331e000 Uncommon trap: reason=unstable_if action=reinterpret pc=0x000000000517b1bc method=java.util.ArrayList.remove(I)Ljava/lang/Object; @ 31
Event: 29.326 Thread 0x000000001ce41800 Uncommon trap: reason=unstable_if action=reinterpret pc=0x00000000051d6c50 method=java.util.concurrent.locks.AbstractQueuedSynchronizer.release(I)Z @ 14
Event: 29.326 Thread 0x000000001ce41800 Uncommon trap: reason=unstable_if action=reinterpret pc=0x00000000051b8580 method=java.util.concurrent.locks.ReentrantLock$Sync.tryRelease(I)Z @ 28
Event: 37.980 Thread 0x000000001ce41800 Uncommon trap: reason=unstable_if action=reinterpret pc=0x000000000530e4d8 method=java.util.IdentityHashMap.keySet()Ljava/util/Set; @ 6

Classes redefined (0 events):
No events

Internal exceptions (10 events):
Event: 0.178 Thread 0x000000000331e000 Exception <a 'java/security/PrivilegedActionException'> (0x00000000d5d5c760) thrown at [C:\re\workspace\8-2-build-windows-amd64-cygwin\jdk8u161\10277\hotspot\src\share\vm\prims\jvm.cpp, line 1390]
Event: 0.178 Thread 0x000000000331e000 Exception <a 'java/security/PrivilegedActionException'> (0x00000000d5d5c970) thrown at [C:\re\workspace\8-2-build-windows-amd64-cygwin\jdk8u161\10277\hotspot\src\share\vm\prims\jvm.cpp, line 1390]
Event: 0.179 Thread 0x000000000331e000 Exception <a 'java/security/PrivilegedActionException'> (0x00000000d5d606b8) thrown at [C:\re\workspace\8-2-build-windows-amd64-cygwin\jdk8u161\10277\hotspot\src\share\vm\prims\jvm.cpp, line 1390]
Event: 0.179 Thread 0x000000000331e000 Exception <a 'java/security/PrivilegedActionException'> (0x00000000d5d608c8) thrown at [C:\re\workspace\8-2-build-windows-amd64-cygwin\jdk8u161\10277\hotspot\src\share\vm\prims\jvm.cpp, line 1390]
Event: 0.184 Thread 0x000000000331e000 Exception <a 'java/io/FileNotFoundException'> (0x00000000d5d62cf0) thrown at [C:\re\workspace\8-2-build-windows-amd64-cygwin\jdk8u161\10277\hotspot\src\share\vm\prims\jni.cpp, line 709]
Event: 0.222 Thread 0x000000000331e000 Exception <a 'java/lang/NoSuchFieldError': method resolution failed> (0x00000000d5e33838) thrown at [C:\re\workspace\8-2-build-windows-amd64-cygwin\jdk8u161\10277\hotspot\src\share\vm\prims\methodHandles.cpp, line 1167]
Event: 0.224 Thread 0x000000000331e000 Exception <a 'java/lang/NoSuchFieldError': method resolution failed> (0x00000000d5e40c08) thrown at [C:\re\workspace\8-2-build-windows-amd64-cygwin\jdk8u161\10277\hotspot\src\share\vm\prims\methodHandles.cpp, line 1167]
Event: 0.268 Thread 0x000000000331e000 Exception <a 'java/io/FileNotFoundException'> (0x00000000d5ed8ab0) thrown at [C:\re\workspace\8-2-build-windows-amd64-cygwin\jdk8u161\10277\hotspot\src\share\vm\prims\jni.cpp, line 709]
Event: 27.720 Thread 0x000000001ce41800 Implicit null exception at 0x00000000052c252e to 0x00000000052c56a1
Event: 29.326 Thread 0x000000001ce41800 Implicit null exception at 0x00000000051d6b47 to 0x00000000051d6c3e

Events (10 events):
Event: 37.980 Thread 0x000000001ce41800 DEOPT PACKING pc=0x000000000530e4d8 sp=0x000000001f0dcfa0
Event: 37.980 Thread 0x000000001ce41800 DEOPT UNPACKING pc=0x0000000004d7583b sp=0x000000001f0dcf40 mode 2
Event: 37.980 loading class java/util/IdentityHashMap$1
Event: 37.980 loading class java/util/IdentityHashMap$1 done
Event: 37.981 Thread 0x0000000021117800 Thread added: 0x0000000021117800
Event: 37.981 Thread 0x0000000029e07000 Thread added: 0x0000000029e07000
Event: 37.983 Thread 0x0000000029e07000 Thread exited: 0x0000000029e07000
Event: 38.013 Thread 0x000000001ce29800 Thread exited: 0x000000001ce29800
Event: 38.083 Thread 0x0000000021117800 Thread exited: 0x0000000021117800
Event: 38.084 Executing VM operation: Exit


Dynamic libraries:
0x00007ff7ba180000 - 0x00007ff7ba1b7000 	C:\Program Files\Java\jre1.8.0_161\bin\javaw.exe
0x00007ffbc6260000 - 0x00007ffbc6440000 	C:\WINDOWS\SYSTEM32\ntdll.dll
0x00007ffba6d50000 - 0x00007ffba6d84000 	C:\Program Files\AVAST Software\Avast\x64\aswhooka.dll
0x00007ffbc5f40000 - 0x00007ffbc5fee000 	C:\WINDOWS\System32\KERNEL32.DLL
0x00007ffbc3270000 - 0x00007ffbc34d6000 	C:\WINDOWS\System32\KERNELBASE.dll
0x00007ffbc3bb0000 - 0x00007ffbc3c51000 	C:\WINDOWS\System32\ADVAPI32.dll
0x00007ffbc3ce0000 - 0x00007ffbc3d7d000 	C:\WINDOWS\System32\msvcrt.dll
0x00007ffbc37f0000 - 0x00007ffbc384b000 	C:\WINDOWS\System32\sechost.dll
0x00007ffbc5e20000 - 0x00007ffbc5f3f000 	C:\WINDOWS\System32\RPCRT4.dll
0x00007ffbc5220000 - 0x00007ffbc53af000 	C:\WINDOWS\System32\USER32.dll
0x00007ffbc27c0000 - 0x00007ffbc27e0000 	C:\WINDOWS\System32\win32u.dll
0x00007ffbc6060000 - 0x00007ffbc6088000 	C:\WINDOWS\System32\GDI32.dll
0x00007ffbc3590000 - 0x00007ffbc3723000 	C:\WINDOWS\System32\gdi32full.dll
0x00007ffbc27e0000 - 0x00007ffbc287b000 	C:\WINDOWS\System32\msvcp_win.dll
0x00007ffbc2660000 - 0x00007ffbc2756000 	C:\WINDOWS\System32\ucrtbase.dll
0x00007ffbb5220000 - 0x00007ffbb5489000 	C:\WINDOWS\WinSxS\amd64_microsoft.windows.common-controls_6595b64144ccf1df_6.0.16299.371_none_15c7d1789365a290\COMCTL32.dll
0x00007ffbc5b10000 - 0x00007ffbc5e18000 	C:\WINDOWS\System32\combase.dll
0x00007ffbc31f0000 - 0x00007ffbc3262000 	C:\WINDOWS\System32\bcryptPrimitives.dll
0x00007ffbc3b20000 - 0x00007ffbc3b4d000 	C:\WINDOWS\System32\IMM32.DLL
0x000000006e8d0000 - 0x000000006e9a2000 	C:\Program Files\Java\jre1.8.0_161\bin\msvcr100.dll
0x000000006eb70000 - 0x000000006f40f000 	C:\Program Files\Java\jre1.8.0_161\bin\server\jvm.dll
0x00007ffbc3a70000 - 0x00007ffbc3a78000 	C:\WINDOWS\System32\PSAPI.DLL
0x00007ffbb5fe0000 - 0x00007ffbb5fe9000 	C:\WINDOWS\SYSTEM32\WSOCK32.dll
0x00007ffbc5ff0000 - 0x00007ffbc605c000 	C:\WINDOWS\System32\WS2_32.dll
0x00007ffbb9260000 - 0x00007ffbb9283000 	C:\WINDOWS\SYSTEM32\WINMM.dll
0x00007ffbb2ad0000 - 0x00007ffbb2ada000 	C:\WINDOWS\SYSTEM32\VERSION.dll
0x00007ffbb9130000 - 0x00007ffbb915a000 	C:\WINDOWS\SYSTEM32\WINMMBASE.dll
0x00007ffbc2a50000 - 0x00007ffbc2a9a000 	C:\WINDOWS\System32\cfgmgr32.dll
0x0000000070850000 - 0x000000007085f000 	C:\Program Files\Java\jre1.8.0_161\bin\verify.dll
0x0000000070820000 - 0x0000000070849000 	C:\Program Files\Java\jre1.8.0_161\bin\java.dll
0x0000000070800000 - 0x0000000070816000 	C:\Program Files\Java\jre1.8.0_161\bin\zip.dll
0x00007ffbc3de0000 - 0x00007ffbc5216000 	C:\WINDOWS\System32\SHELL32.dll
0x00007ffbc3730000 - 0x00007ffbc37d6000 	C:\WINDOWS\System32\shcore.dll
0x00007ffbc2aa0000 - 0x00007ffbc31e7000 	C:\WINDOWS\System32\windows.storage.dll
0x00007ffbc3c60000 - 0x00007ffbc3cb1000 	C:\WINDOWS\System32\shlwapi.dll
0x00007ffbc2620000 - 0x00007ffbc2631000 	C:\WINDOWS\System32\kernel.appcore.dll
0x00007ffbc25d0000 - 0x00007ffbc261c000 	C:\WINDOWS\System32\powrprof.dll
0x00007ffbc2640000 - 0x00007ffbc265b000 	C:\WINDOWS\System32\profapi.dll
0x00007ffb7c280000 - 0x00007ffb7ef52000 	C:\Users\mtahs\Documents\opencv\build\java\x64\opencv_java341.dll
0x00007ffbc3920000 - 0x00007ffbc3a69000 	C:\WINDOWS\System32\ole32.dll
0x00007ffbc3850000 - 0x00007ffbc3915000 	C:\WINDOWS\System32\OLEAUT32.dll
0x00007ffbb83c0000 - 0x00007ffbb83e9000 	C:\WINDOWS\SYSTEM32\MSVFW32.dll
0x00007ffbbc100000 - 0x00007ffbbc11f000 	C:\WINDOWS\SYSTEM32\AVIFIL32.dll
0x00007ffbb9ba0000 - 0x00007ffbb9bb8000 	C:\WINDOWS\SYSTEM32\AVICAP32.dll
0x00007ffbb90e0000 - 0x00007ffbb90fc000 	C:\WINDOWS\SYSTEM32\MSACM32.dll
0x000000006e730000 - 0x000000006e8c8000 	C:\Program Files\Java\jre1.8.0_161\bin\awt.dll
0x00007ffbc0370000 - 0x00007ffbc03f8000 	C:\WINDOWS\SYSTEM32\apphelp.dll
0x00007ffbc0c20000 - 0x00007ffbc0c4a000 	C:\WINDOWS\system32\DWMAPI.DLL
0x00007ffbc0800000 - 0x00007ffbc0895000 	C:\WINDOWS\system32\uxtheme.dll
0x00007ffbaa1e0000 - 0x00007ffbaa2fe000 	C:\WINDOWS\system32\opengl32.dll
0x00007ffbb5e90000 - 0x00007ffbb5ebc000 	C:\WINDOWS\SYSTEM32\GLU32.dll
0x00007ffbc5810000 - 0x00007ffbc5977000 	C:\WINDOWS\System32\MSCTF.dll
0x00007ffba0880000 - 0x00007ffba0929000 	C:\Program Files\Common Files\microsoft shared\ink\tiptsf.dll
0x0000000070720000 - 0x0000000070767000 	C:\Program Files\Java\jre1.8.0_161\bin\fontmanager.dll
0x00007ffbb91c0000 - 0x00007ffbb9258000 	C:\WINDOWS\System32\TextInputFramework.dll
0x00007ffbb8510000 - 0x00007ffbb87fe000 	C:\WINDOWS\System32\CoreUIComponents.dll
0x00007ffbbf370000 - 0x00007ffbbf44c000 	C:\WINDOWS\System32\CoreMessaging.dll
0x00007ffbc16e0000 - 0x00007ffbc1711000 	C:\WINDOWS\SYSTEM32\ntmarta.dll
0x00007ffbbea00000 - 0x00007ffbbeb36000 	C:\WINDOWS\SYSTEM32\wintypes.dll
0x00007ffbc3a80000 - 0x00007ffbc3b1e000 	C:\WINDOWS\System32\clbcatq.dll
0x00007ffbb7030000 - 0x00007ffbb7236000 	C:\Windows\System32\uiautomationcore.dll
0x00007ffbc2410000 - 0x00007ffbc24aa000 	C:\WINDOWS\SYSTEM32\sxs.dll
0x00007ffbbe040000 - 0x00007ffbbe0ae000 	C:\Windows\System32\OLEACC.dll
0x00007ffbb8800000 - 0x00007ffbb8881000 	C:\WINDOWS\SYSTEM32\twinapi.dll
0x00007ffbc0aa0000 - 0x00007ffbc0c1b000 	C:\WINDOWS\SYSTEM32\twinapi.appcore.dll
0x00007ffbc0d10000 - 0x00007ffbc0d30000 	C:\WINDOWS\SYSTEM32\RMCLIENT.dll
0x00007ffbc2110000 - 0x00007ffbc2135000 	C:\WINDOWS\SYSTEM32\bcrypt.dll
0x00007ffbb8e90000 - 0x00007ffbb8ea8000 	C:\Windows\System32\devenum.dll
0x00007ffbc53b0000 - 0x00007ffbc57fe000 	C:\WINDOWS\System32\setupapi.dll
0x00007ffbc23c0000 - 0x00007ffbc23e7000 	C:\WINDOWS\SYSTEM32\DEVOBJ.dll
0x00007ffbc2760000 - 0x00007ffbc27b8000 	C:\WINDOWS\System32\WINTRUST.dll
0x00007ffbc25b0000 - 0x00007ffbc25c2000 	C:\WINDOWS\System32\MSASN1.dll
0x00007ffbc2880000 - 0x00007ffbc2a4e000 	C:\WINDOWS\System32\CRYPT32.dll
0x00007ffbbe610000 - 0x00007ffbbe61a000 	C:\WINDOWS\SYSTEM32\msdmo.dll
0x00000000707e0000 - 0x00000000707fa000 	C:\Program Files\Java\jre1.8.0_161\bin\net.dll
0x00007ffbc1e40000 - 0x00007ffbc1ea6000 	C:\WINDOWS\system32\mswsock.dll
0x00000000707c0000 - 0x00000000707d1000 	C:\Program Files\Java\jre1.8.0_161\bin\nio.dll
0x00007ffbb5de0000 - 0x00007ffbb5e13000 	C:\Windows\System32\qcap.dll
0x00007ffb9bf80000 - 0x00007ffb9c13c000 	C:\Windows\System32\quartz.dll
0x000000006f840000 - 0x000000006f882000 	C:\Program Files\Java\jre1.8.0_161\bin\t2k.dll
0x00007ffbb3090000 - 0x00007ffbb30de000 	C:\Windows\System32\mfksproxy.dll
0x00007ffba62c0000 - 0x00007ffba62dd000 	C:\Windows\System32\ATL.DLL
0x00007ffbb2d80000 - 0x00007ffbb2db6000 	C:\Windows\System32\MFSENSORGROUP.dll
0x00007ffbaec60000 - 0x00007ffbaee13000 	C:\Windows\System32\MFPlat.DLL
0x00007ffbb1ce0000 - 0x00007ffbb1d11000 	C:\Windows\System32\RTWorkQ.DLL
0x00007ffba4bd0000 - 0x00007ffba5017000 	C:\Windows\System32\MFCORE.dll
0x00007ffbbd5e0000 - 0x00007ffbbd5e9000 	C:\Windows\System32\ksuser.dll
0x00007ffbc2020000 - 0x00007ffbc202b000 	C:\Windows\System32\CRYPTBASE.DLL
0x00007ffbb3040000 - 0x00007ffbb3090000 	C:\Windows\System32\FSClient.dll
0x00007ffbc13c0000 - 0x00007ffbc146f000 	C:\Windows\System32\dxgi.dll
0x00007ffbbf450000 - 0x00007ffbbf732000 	C:\Windows\System32\d3d11.dll
0x00007ffbbe550000 - 0x00007ffbbe55a000 	C:\Windows\System32\AVRT.dll
0x00007ffbbec20000 - 0x00007ffbbec2c000 	C:\Windows\System32\vidcap.ax
0x00007ffbb3010000 - 0x00007ffbb3036000 	C:\Windows\System32\kswdmcap.ax
0x00007ffba5890000 - 0x00007ffba59f5000 	C:\Windows\System32\MFC42.dll
0x00007ffb95830000 - 0x00007ffb95da3000 	C:\WINDOWS\system32\IntelCameraPlugin64.dll
0x00007ffbbdb50000 - 0x00007ffbbdbca000 	C:\WINDOWS\SYSTEM32\policymanager.dll
0x00007ffbbd5f0000 - 0x00007ffbbd680000 	C:\Windows\System32\msvcp110_win.dll
0x00007ffba1880000 - 0x00007ffba198a000 	C:\Windows\System32\MFReadWrite.dll
0x00007ffba57f0000 - 0x00007ffba5890000 	C:\Windows\System32\qedit.dll
0x00007ffbc5980000 - 0x00007ffbc5a8a000 	C:\WINDOWS\System32\COMDLG32.dll
0x00007ffbbc930000 - 0x00007ffbbcacc000 	C:\WINDOWS\WinSxS\amd64_microsoft.windows.gdiplus_6595b64144ccf1df_1.1.16299.371_none_46b2c45dedf81c5e\gdiplus.dll
0x00007ffb9b4e0000 - 0x00007ffb9b5d6000 	C:\Windows\System32\DDRAW.dll
0x00007ffbb5f70000 - 0x00007ffbb5f78000 	C:\Windows\System32\DCIMAN32.dll
0x00007ffbbebe0000 - 0x00007ffbbebec000 	C:\WINDOWS\SYSTEM32\msyuv.dll
0x00007ffbc2000000 - 0x00007ffbc2017000 	C:\WINDOWS\SYSTEM32\CRYPTSP.dll
0x00007ffbc1a40000 - 0x00007ffbc1a73000 	C:\WINDOWS\system32\rsaenh.dll
0x00007ffbc24e0000 - 0x00007ffbc2509000 	C:\WINDOWS\SYSTEM32\USERENV.dll
0x00007ffbc1bd0000 - 0x00007ffbc1c09000 	C:\WINDOWS\SYSTEM32\IPHLPAPI.DLL
0x00007ffbc37e0000 - 0x00007ffbc37e8000 	C:\WINDOWS\System32\NSI.dll
0x00007ffbbcfc0000 - 0x00007ffbbcfd6000 	C:\WINDOWS\SYSTEM32\dhcpcsvc6.DLL
0x00007ffbbcf60000 - 0x00007ffbbcf7a000 	C:\WINDOWS\SYSTEM32\dhcpcsvc.DLL
0x00007ffb9f990000 - 0x00007ffb9fa79000 	C:\Users\mtahs\AppData\Local\Temp\NetworkTablesJNI3572375907221952940.dll
0x00007ffbc1090000 - 0x00007ffbc1258000 	C:\WINDOWS\SYSTEM32\dbghelp.dll

VM Arguments:
jvm_args: -Djava.library.path=C:\Users\mtahs\Documents\opencv\build\java\x64 -Dfile.encoding=Cp1252 
java_command: src.com.crimsonsight.Main
java_class_path (initial): C:\Program Files\Java\jre1.8.0_161\lib\resources.jar;C:\Program Files\Java\jre1.8.0_161\lib\rt.jar;C:\Program Files\Java\jre1.8.0_161\lib\jsse.jar;C:\Program Files\Java\jre1.8.0_161\lib\jce.jar;C:\Program Files\Java\jre1.8.0_161\lib\charsets.jar;C:\Program Files\Java\jre1.8.0_161\lib\jfr.jar;C:\Program Files\Java\jre1.8.0_161\lib\ext\access-bridge-64.jar;C:\Program Files\Java\jre1.8.0_161\lib\ext\cldrdata.jar;C:\Program Files\Java\jre1.8.0_161\lib\ext\dnsns.jar;C:\Program Files\Java\jre1.8.0_161\lib\ext\jaccess.jar;C:\Program Files\Java\jre1.8.0_161\lib\ext\jfxrt.jar;C:\Program Files\Java\jre1.8.0_161\lib\ext\localedata.jar;C:\Program Files\Java\jre1.8.0_161\lib\ext\nashorn.jar;C:\Program Files\Java\jre1.8.0_161\lib\ext\sunec.jar;C:\Program Files\Java\jre1.8.0_161\lib\ext\sunjce_provider.jar;C:\Program Files\Java\jre1.8.0_161\lib\ext\sunmscapi.jar;C:\Program Files\Java\jre1.8.0_161\lib\ext\sunpkcs11.jar;C:\Program Files\Java\jre1.8.0_161\lib\ext\zipfs.jar;C:\Users\mtahs\wpilib\java\current\lib\cscore.jar;C:\Users\mtahs\wpilib\java\current\lib\cscore-sources.jar;C:\Users\mtahs\wpilib\java\current\lib\ntcore.jar;C:\Users\mtahs\wpilib\java\current\lib\ntcore-sources.jar;C:\Users\mtahs\wpilib\java\current\lib\WPILib.jar;C:\Users\mtahs\wpilib\java\current\lib\WPILib-sources.jar;C:\Users\mtahs\wpilib\java\current\lib\wpiutil.jar;C:\Users\mtahs\wpilib\java\current\lib\wpiutil-sources.jar;C:\Users\mtahs\Documents\NetworkTables\ntcore-java-4.0.0.jar;C:\Users\mtahs\Documents\NetworkTables\ntcore-jni-4.0.0-all.jar;C:\Users\mtahs\Documents\NetworkTables\wpiutil-java-3.0.0.jar;C:\Users\mtahs\eclipse-workspace\VisionDetect3.0\bin;C:\Users\mtahs\Documents\opencv\build\java\opencv-341.jar
Launcher Type: SUN_STANDARD

Environment Variables:
PATH=C:/Program Files/Java/jre1.8.0_161/bin/server;C:/Program Files/Java/jre1.8.0_161/bin;C:/Program Files/Java/jre1.8.0_161/lib/amd64;C:\Program Files (x86)\Common Files\Intel\Shared Libraries\redist\intel64\compiler;C:\ProgramData\Oracle\Java\javapath;C:\WINDOWS\system32;C:\WINDOWS;C:\WINDOWS\System32\Wbem;C:\WINDOWS\System32\WindowsPowerShell\v1.0\;C:\Users\mtahs\AppData\Local\Microsoft\WindowsApps;C:\Users\mtahs\AppData\Local\atom\bin;C:\Users\mtahs\OneDrive\Desktop;
USERNAME=mtahs
OS=Windows_NT
PROCESSOR_IDENTIFIER=Intel64 Family 6 Model 142 Stepping 10, GenuineIntel



---------------  S Y S T E M  ---------------

OS: Windows 10.0 , 64 bit Build 16299 (10.0.16299.15)

CPU:total 8 (initial active 8) (4 cores per cpu, 2 threads per core) family 6 model 142 stepping 10, cmov, cx8, fxsr, mmx, sse, sse2, sse3, ssse3, sse4.1, sse4.2, popcnt, avx, avx2, aes, clmul, erms, rtm, 3dnowpref, lzcnt, ht, tsc, tscinvbit, bmi1, bmi2, adx

Memory: 4k page, physical 8311748k(3700328k free), swap 9622468k(3554180k free)

vm_info: Java HotSpot(TM) 64-Bit Server VM (25.161-b12) for windows-amd64 JRE (1.8.0_161-b12), built on Dec 19 2017 17:52:25 by "java_re" with MS VC++ 10.0 (VS2010)

time: Fri Apr 27 15:42:21 2018
elapsed time: 39 seconds (0d 0h 0m 39s)

